<?xml version="1.0" encoding="utf-8"?>
<TestRun id="6598efba-8b37-404e-a048-266f1ce0b962" name="karun@VISHNUTHARAN 2026-08-03 15:19:11" runUser="VISHNUTHARAN\karun" xmlns="http://microsoft.com/schemas/VisualStudio/TeamTest/2010">
  <Times creation="2026-08-03T15:19:11.7382487+01:00" queuing="2026-08-03T15:19:11.7382493+01:00" start="2026-08-03T15:19:10.0630403+01:00" finish="2026-08-03T15:19:12.8874105+01:00" />
  <TestSettings name="default" id="d3dfee69-4818-42bc-960b-414ad4549935">
    <Deployment runDeploymentRoot="karun_VISHNUTHARAN_2026-08-03_15_19_11" />
  </TestSettings>
  <Results>
    <UnitTestResult executionId="dfb99416-3d30-4828-9f13-e831d131cb40" testId="cc019bd9-475a-32f3-4739-e9677f003563" testName="RFC.Api.Tests.SecurityHardeningTests.SensitiveAdminEndpoints_AreManagerOnly(methodName: &quot;UpdateStoreSetting&quot;)" computerName="VISHNUTHARAN" duration="00:00:00.0000210" startTime="2026-08-03T15:19:11.7167197+01:00" endTime="2026-08-03T15:19:11.7167198+01:00" testType="13cdc9d9-ddb5-4fa4-a97d-d965ccfc6d4b" outcome="Passed" testListId="8c84fa94-04c1-424b-9868-57a2d4851a1d" relativeResultsDirectory="dfb99416-3d30-4828-9f13-e831d131cb40" />
    <UnitTestResult executionId="5cc8376d-bc5c-487f-a378-74a11b6a6898" testId="5a29064e-a4ba-f3d8-40a2-e7029d895835" testName="RFC.Api.Tests.AdminControllerTests.OrderStatusTransitions_AllowsExpectedTransitions(current: &quot;Out for Delivery&quot;, next: &quot;Completed&quot;)" computerName="VISHNUTHARAN" duration="00:00:00.0000034" startTime="2026-08-03T15:19:11.5564271+01:00" endTime="2026-08-03T15:19:11.5564272+01:00" testType="13cdc9d9-ddb5-4fa4-a97d-d965ccfc6d4b" outcome="Passed" testListId="8c84fa94-04c1-424b-9868-57a2d4851a1d" relativeResultsDirectory="5cc8376d-bc5c-487f-a378-74a11b6a6898" />
    <UnitTestResult executionId="6b635391-545b-43c0-aee8-a6853af1b493" testId="0e75d814-b000-b0bf-2ae5-3c0b18bf8fe3" testName="RFC.Api.Tests.AdminControllerTests.AdminController_IsStaffOnly" computerName="VISHNUTHARAN" duration="00:00:00.0006628" startTime="2026-08-03T15:19:12.7525112+01:00" endTime="2026-08-03T15:19:12.7525113+01:00" testType="13cdc9d9-ddb5-4fa4-a97d-d965ccfc6d4b" outcome="Passed" testListId="8c84fa94-04c1-424b-9868-57a2d4851a1d" relativeResultsDirectory="6b635391-545b-43c0-aee8-a6853af1b493" />
    <UnitTestResult executionId="4abb1573-ae1a-48be-85f8-5260320d3dc8" testId="d020c76a-1040-3c2c-f8ce-faddcbbcccc3" testName="RFC.Api.Tests.DeliveryRadiusServiceTests.CheckAsync_FailsClosedWhenPostcodeProviderIsUnavailable" computerName="VISHNUTHARAN" duration="00:00:00.0051491" startTime="2026-08-03T15:19:11.6773919+01:00" endTime="2026-08-03T15:19:11.6773920+01:00" testType="13cdc9d9-ddb5-4fa4-a97d-d965ccfc6d4b" outcome="Passed" testListId="8c84fa94-04c1-424b-9868-57a2d4851a1d" relativeResultsDirectory="4abb1573-ae1a-48be-85f8-5260320d3dc8" />
    <UnitTestResult executionId="c6ee06c4-27b4-4604-b8b4-9f658527dce3" testId="fa212e20-c38b-113f-141d-ab0ed7729f3b" testName="RFC.Api.Tests.OrdersControllerTests.CreateOrder_RejectsMissingPaymentIntentBeforeDatabaseMatching" computerName="VISHNUTHARAN" duration="00:00:00.0036542" startTime="2026-08-03T15:19:12.7961015+01:00" endTime="2026-08-03T15:19:12.7961018+01:00" testType="13cdc9d9-ddb5-4fa4-a97d-d965ccfc6d4b" outcome="Passed" testListId="8c84fa94-04c1-424b-9868-57a2d4851a1d" relativeResultsDirectory="c6ee06c4-27b4-4604-b8b4-9f658527dce3" />
    <UnitTestResult executionId="157ebd77-b64e-4603-8e73-0fefd3585597" testId="6c62e51a-a086-186b-5b82-31df1b7b46ed" testName="RFC.Api.Tests.SecurityHardeningTests.SensitiveAdminEndpoints_AreManagerOnly(methodName: &quot;UpdateStaffUser&quot;)" computerName="VISHNUTHARAN" duration="00:00:00.0000213" startTime="2026-08-03T15:19:11.7165183+01:00" endTime="2026-08-03T15:19:11.7165184+01:00" testType="13cdc9d9-ddb5-4fa4-a97d-d965ccfc6d4b" outcome="Passed" testListId="8c84fa94-04c1-424b-9868-57a2d4851a1d" relativeResultsDirectory="157ebd77-b64e-4603-8e73-0fefd3585597" />
    <UnitTestResult executionId="efb98ad4-4824-49d3-ab53-497ef3300ef3" testId="8806dfaf-0d8f-74c4-9a90-0e7906a8b257" testName="RFC.Api.Tests.SecurityHardeningTests.SensitiveAdminEndpoints_AreManagerOnly(methodName: &quot;GetAuditLogs&quot;)" computerName="VISHNUTHARAN" duration="00:00:00.0000167" startTime="2026-08-03T15:19:11.7166578+01:00" endTime="2026-08-03T15:19:11.7166578+01:00" testType="13cdc9d9-ddb5-4fa4-a97d-d965ccfc6d4b" outcome="Passed" testListId="8c84fa94-04c1-424b-9868-57a2d4851a1d" relativeResultsDirectory="efb98ad4-4824-49d3-ab53-497ef3300ef3" />
    <UnitTestResult executionId="ad8e1a53-0eb3-4413-8e3e-8742ce6f6fcf" testId="cbddfaa6-d621-a854-1697-89ab37175f08" testName="RFC.Api.Tests.DeliveryRadiusServiceTests.CheckAsync_RejectsInvalidPostcodes(postcode: &quot;not-a-postcode&quot;)" computerName="VISHNUTHARAN" duration="00:00:00.0038564" startTime="2026-08-03T15:19:11.6772557+01:00" endTime="2026-08-03T15:19:11.6772558+01:00" testType="13cdc9d9-ddb5-4fa4-a97d-d965ccfc6d4b" outcome="Passed" testListId="8c84fa94-04c1-424b-9868-57a2d4851a1d" relativeResultsDirectory="ad8e1a53-0eb3-4413-8e3e-8742ce6f6fcf" />
    <UnitTestResult executionId="8db5f3ef-eede-4816-a6f6-fc0701f1216f" testId="6cf82d7d-20bb-1cdc-9ace-53d0e302cd53" testName="RFC.Api.Tests.AdminControllerTests.OrderStatusTransitions_AllowsExpectedTransitions(current: &quot;Placed&quot;, next: &quot;Cancelled&quot;)" computerName="VISHNUTHARAN" duration="00:00:00.0000166" startTime="2026-08-03T15:19:11.5563626+01:00" endTime="2026-08-03T15:19:11.5563627+01:00" testType="13cdc9d9-ddb5-4fa4-a97d-d965ccfc6d4b" outcome="Passed" testListId="8c84fa94-04c1-424b-9868-57a2d4851a1d" relativeResultsDirectory="8db5f3ef-eede-4816-a6f6-fc0701f1216f" />
    <UnitTestResult executionId="d0d35b30-c3bc-4c20-9cac-8a035f58f829" testId="dd98bd23-1cad-56ee-4c7a-0fa7e1ce3b17" testName="RFC.Api.Tests.OrdersControllerTests.CreateOrder_AcceptsSuccessfulStripeVerification" computerName="VISHNUTHARAN" duration="00:00:00.0169324" startTime="2026-08-03T15:19:12.7917657+01:00" endTime="2026-08-03T15:19:12.7917658+01:00" testType="13cdc9d9-ddb5-4fa4-a97d-d965ccfc6d4b" outcome="Passed" testListId="8c84fa94-04c1-424b-9868-57a2d4851a1d" relativeResultsDirectory="d0d35b30-c3bc-4c20-9cac-8a035f58f829" />
    <UnitTestResult executionId="815898a0-21a0-4e84-89be-e45e3abc1337" testId="8dc06a55-bb7c-b49f-453a-a7b73002fb31" testName="RFC.Api.Tests.SecurityHardeningTests.SensitiveAdminEndpoints_AreManagerOnly(methodName: &quot;GetCustomers&quot;)" computerName="VISHNUTHARAN" duration="00:00:00.0000167" startTime="2026-08-03T15:19:11.7166006+01:00" endTime="2026-08-03T15:19:11.7166007+01:00" testType="13cdc9d9-ddb5-4fa4-a97d-d965ccfc6d4b" outcome="Passed" testListId="8c84fa94-04c1-424b-9868-57a2d4851a1d" relativeResultsDirectory="815898a0-21a0-4e84-89be-e45e3abc1337" />
    <UnitTestResult executionId="b5e53b50-5c20-4df8-81a6-cb620ef26a9f" testId="5e4bdfe6-5863-5ea3-4705-a3d4abf8eeec" testName="RFC.Api.Tests.AdminControllerTests.OrderStatusTransitions_RejectsInvalidTransitions(current: &quot;Completed&quot;, next: &quot;Preparing&quot;)" computerName="VISHNUTHARAN" duration="00:00:00.0000050" startTime="2026-08-03T15:19:12.6716419+01:00" endTime="2026-08-03T15:19:12.6716420+01:00" testType="13cdc9d9-ddb5-4fa4-a97d-d965ccfc6d4b" outcome="Passed" testListId="8c84fa94-04c1-424b-9868-57a2d4851a1d" relativeResultsDirectory="b5e53b50-5c20-4df8-81a6-cb620ef26a9f" />
    <UnitTestResult executionId="febd2322-ec58-451b-ba6f-150c386d5cdf" testId="58d631de-1615-f787-efa2-7f84cd574ae0" testName="RFC.Api.Tests.DeliveryRadiusServiceTests.CheckAsync_RejectsInvalidPostcodes(postcode: &quot;&quot;)" computerName="VISHNUTHARAN" duration="00:00:00.0262722" startTime="2026-08-03T15:19:11.6771880+01:00" endTime="2026-08-03T15:19:11.6771880+01:00" testType="13cdc9d9-ddb5-4fa4-a97d-d965ccfc6d4b" outcome="Passed" testListId="8c84fa94-04c1-424b-9868-57a2d4851a1d" relativeResultsDirectory="febd2322-ec58-451b-ba6f-150c386d5cdf" />
    <UnitTestResult executionId="af9e3119-4f86-408c-84d5-025cae952ac5" testId="5025bd5f-805a-fdc5-f11b-49dfc5c28566" testName="RFC.Api.Tests.SecurityHardeningTests.PublicConfig_FailsClosedWithoutPublishableKey" computerName="VISHNUTHARAN" duration="00:00:00.0072525" startTime="2026-08-03T15:19:12.1978191+01:00" endTime="2026-08-03T15:19:12.1978196+01:00" testType="13cdc9d9-ddb5-4fa4-a97d-d965ccfc6d4b" outcome="Passed" testListId="8c84fa94-04c1-424b-9868-57a2d4851a1d" relativeResultsDirectory="af9e3119-4f86-408c-84d5-025cae952ac5" />
    <UnitTestResult executionId="99c7a066-75ca-40fd-b234-6be1d31a6a63" testId="2bd2be20-a54c-0683-996f-05d000e0f3c1" testName="RFC.Api.Tests.SecurityHardeningTests.PasswordHasher_RejectsMalformedOrUnsafeHashes(hash: &quot;pbkdf2-sha256$999999999$AA==$AA==&quot;)" computerName="VISHNUTHARAN" duration="00:00:00.0000089" startTime="2026-08-03T15:19:11.7183934+01:00" endTime="2026-08-03T15:19:11.7183934+01:00" testType="13cdc9d9-ddb5-4fa4-a97d-d965ccfc6d4b" outcome="Passed" testListId="8c84fa94-04c1-424b-9868-57a2d4851a1d" relativeResultsDirectory="99c7a066-75ca-40fd-b234-6be1d31a6a63" />
    <UnitTestResult executionId="034abbcb-64c7-4e01-8f4d-0546aa837041" testId="24bf1ef0-ddf0-4a00-7ca9-26c3bf56c8ed" testName="RFC.Api.Tests.SecurityHardeningTests.PasswordHasher_RejectsMalformedOrUnsafeHashes(hash: &quot;&quot;)" computerName="VISHNUTHARAN" duration="00:00:00.0000144" startTime="2026-08-03T15:19:11.7174608+01:00" endTime="2026-08-03T15:19:11.7174609+01:00" testType="13cdc9d9-ddb5-4fa4-a97d-d965ccfc6d4b" outcome="Passed" testListId="8c84fa94-04c1-424b-9868-57a2d4851a1d" relativeResultsDirectory="034abbcb-64c7-4e01-8f4d-0546aa837041" />
    <UnitTestResult executionId="31c73583-5505-4ab3-b779-d14395d68ee1" testId="6721dfde-914b-9014-eb40-833988cb0c6f" testName="RFC.Api.Tests.AdminControllerTests.OrderStatusTransitions_AllowsExpectedTransitions(current: &quot;Preparing&quot;, next: &quot;Cancelled&quot;)" computerName="VISHNUTHARAN" duration="00:00:00.0000087" startTime="2026-08-03T15:19:11.6770491+01:00" endTime="2026-08-03T15:19:11.6770492+01:00" testType="13cdc9d9-ddb5-4fa4-a97d-d965ccfc6d4b" outcome="Passed" testListId="8c84fa94-04c1-424b-9868-57a2d4851a1d" relativeResultsDirectory="31c73583-5505-4ab3-b779-d14395d68ee1" />
    <UnitTestResult executionId="75207c9d-7a5b-4a30-91e3-3aaf9c009d28" testId="5654c2fb-406c-edd8-0556-a739199cedf0" testName="RFC.Api.Tests.AdminControllerTests.OrderStatusTransitions_RejectsInvalidTransitions(current: &quot;Out for Delivery&quot;, next: &quot;Cancelled&quot;)" computerName="VISHNUTHARAN" duration="00:00:00.0001711" startTime="2026-08-03T15:19:12.6706844+01:00" endTime="2026-08-03T15:19:12.6706845+01:00" testType="13cdc9d9-ddb5-4fa4-a97d-d965ccfc6d4b" outcome="Passed" testListId="8c84fa94-04c1-424b-9868-57a2d4851a1d" relativeResultsDirectory="75207c9d-7a5b-4a30-91e3-3aaf9c009d28" />
    <UnitTestResult executionId="20f5c7e3-94c8-4f24-b579-d59759e44299" testId="389ba3ce-55f5-0a74-0717-3642ca9313f4" testName="RFC.Api.Tests.OrderAccessServiceTests.HasAccess_RejectsUnverifiedEmailMatchForLegacyOrders" computerName="VISHNUTHARAN" duration="00:00:00.0002116" startTime="2026-08-03T15:19:11.6815454+01:00" endTime="2026-08-03T15:19:11.6815454+01:00" testType="13cdc9d9-ddb5-4fa4-a97d-d965ccfc6d4b" outcome="Passed" testListId="8c84fa94-04c1-424b-9868-57a2d4851a1d" relativeResultsDirectory="20f5c7e3-94c8-4f24-b579-d59759e44299" />
    <UnitTestResult executionId="f1ec5ea2-5e21-4739-919e-ff6c6dc9400d" testId="f62c1fa7-9b2d-d876-651a-d463732d245b" testName="RFC.Api.Tests.SecurityHardeningTests.StripeGateway_FailsClosedWhenSecretIsMissing" computerName="VISHNUTHARAN" duration="00:00:00.1665489" startTime="2026-08-03T15:19:11.7045474+01:00" endTime="2026-08-03T15:19:11.7045479+01:00" testType="13cdc9d9-ddb5-4fa4-a97d-d965ccfc6d4b" outcome="Passed" testListId="8c84fa94-04c1-424b-9868-57a2d4851a1d" relativeResultsDirectory="f1ec5ea2-5e21-4739-919e-ff6c6dc9400d" />
    <UnitTestResult executionId="fca1b9bf-62e6-4a86-8968-3f5240324e82" testId="7b74ff74-7a6c-928f-c4a1-a175da1c0844" testName="RFC.Api.Tests.SecurityHardeningTests.PublicConfig_ReturnsOnlyPublishableStripeKey" computerName="VISHNUTHARAN" duration="00:00:00.0089512" startTime="2026-08-03T15:19:12.2069104+01:00" endTime="2026-08-03T15:19:12.2069110+01:00" testType="13cdc9d9-ddb5-4fa4-a97d-d965ccfc6d4b" outcome="Passed" testListId="8c84fa94-04c1-424b-9868-57a2d4851a1d" relativeResultsDirectory="fca1b9bf-62e6-4a86-8968-3f5240324e82" />
    <UnitTestResult executionId="6f67c711-862a-443d-a788-7e23361d4381" testId="214413f5-219a-31a6-14b6-50f45ba75a7a" testName="RFC.Api.Tests.OrderAccessServiceTests.HasAccess_RejectsExpiredGuestToken" computerName="VISHNUTHARAN" duration="00:00:00.0002041" startTime="2026-08-03T15:19:11.6816205+01:00" endTime="2026-08-03T15:19:11.6816206+01:00" testType="13cdc9d9-ddb5-4fa4-a97d-d965ccfc6d4b" outcome="Passed" testListId="8c84fa94-04c1-424b-9868-57a2d4851a1d" relativeResultsDirectory="6f67c711-862a-443d-a788-7e23361d4381" />
    <UnitTestResult executionId="09bc6f40-b6fa-48c9-9391-479dfa381fee" testId="45357516-5121-6520-11c6-836a6611ef9d" testName="RFC.Api.Tests.AdminControllerTests.OrderStatusTransitions_AllowsExpectedTransitions(current: &quot;Placed&quot;, next: &quot;Preparing&quot;)" computerName="VISHNUTHARAN" duration="00:00:00.0082716" startTime="2026-08-03T15:19:11.5515513+01:00" endTime="2026-08-03T15:19:11.5515762+01:00" testType="13cdc9d9-ddb5-4fa4-a97d-d965ccfc6d4b" outcome="Passed" testListId="8c84fa94-04c1-424b-9868-57a2d4851a1d" relativeResultsDirectory="09bc6f40-b6fa-48c9-9391-479dfa381fee" />
    <UnitTestResult executionId="b838e31b-f571-40eb-87cb-5c4692e9ed78" testId="88caa822-d04d-3d51-a311-5fa8cd51c404" testName="RFC.Api.Tests.SecurityHardeningTests.SensitiveAdminEndpoints_AreManagerOnly(methodName: &quot;GetStoreSettings&quot;)" computerName="VISHNUTHARAN" duration="00:00:00.0000815" startTime="2026-08-03T15:19:11.7155273+01:00" endTime="2026-08-03T15:19:11.7155273+01:00" testType="13cdc9d9-ddb5-4fa4-a97d-d965ccfc6d4b" outcome="Passed" testListId="8c84fa94-04c1-424b-9868-57a2d4851a1d" relativeResultsDirectory="b838e31b-f571-40eb-87cb-5c4692e9ed78" />
    <UnitTestResult executionId="0c558d92-8e40-4306-ac21-048c0202f094" testId="d0af7504-d104-a556-40b9-88655332c460" testName="RFC.Api.Tests.SecurityHardeningTests.SensitiveAdminEndpoints_AreManagerOnly(methodName: &quot;CreateStaffUser&quot;)" computerName="VISHNUTHARAN" duration="00:00:00.0070660" startTime="2026-08-03T15:19:11.7135209+01:00" endTime="2026-08-03T15:19:11.7135219+01:00" testType="13cdc9d9-ddb5-4fa4-a97d-d965ccfc6d4b" outcome="Passed" testListId="8c84fa94-04c1-424b-9868-57a2d4851a1d" relativeResultsDirectory="0c558d92-8e40-4306-ac21-048c0202f094" />
    <UnitTestResult executionId="bd81e0e7-c651-4a2c-98eb-5f0897cf326c" testId="44cf516f-fe9a-0956-9cea-d16aaa9c2ff8" testName="RFC.Api.Tests.AdminControllerTests.OrderStatusTransitions_RejectsInvalidTransitions(current: &quot;Cancelled&quot;, next: &quot;Preparing&quot;)" computerName="VISHNUTHARAN" duration="00:00:00.0000723" startTime="2026-08-03T15:19:12.6704576+01:00" endTime="2026-08-03T15:19:12.6704577+01:00" testType="13cdc9d9-ddb5-4fa4-a97d-d965ccfc6d4b" outcome="Passed" testListId="8c84fa94-04c1-424b-9868-57a2d4851a1d" relativeResultsDirectory="bd81e0e7-c651-4a2c-98eb-5f0897cf326c" />
    <UnitTestResult executionId="b3dc265a-978b-4b3e-a536-396ebc1ee149" testId="d120b23e-5847-1786-8c26-0dd33b71f772" testName="RFC.Api.Tests.SecurityHardeningTests.PasswordHasher_RejectsMalformedOrUnsafeHashes(hash: &quot;not-a-hash&quot;)" computerName="VISHNUTHARAN" duration="00:00:00.0005917" startTime="2026-08-03T15:19:11.7168563+01:00" endTime="2026-08-03T15:19:11.7168563+01:00" testType="13cdc9d9-ddb5-4fa4-a97d-d965ccfc6d4b" outcome="Passed" testListId="8c84fa94-04c1-424b-9868-57a2d4851a1d" relativeResultsDirectory="b3dc265a-978b-4b3e-a536-396ebc1ee149" />
    <UnitTestResult executionId="19250992-2e83-431c-ba5a-013a50587d92" testId="9eac401b-92fc-4320-8380-88954d675df0" testName="RFC.Api.Tests.AdminControllerTests.UpdateStatus_RejectsGenericCancellationWorkflow" computerName="VISHNUTHARAN" duration="00:00:00.0015197" startTime="2026-08-03T15:19:12.7388486+01:00" endTime="2026-08-03T15:19:12.7388489+01:00" testType="13cdc9d9-ddb5-4fa4-a97d-d965ccfc6d4b" outcome="Passed" testListId="8c84fa94-04c1-424b-9868-57a2d4851a1d" relativeResultsDirectory="19250992-2e83-431c-ba5a-013a50587d92" />
    <UnitTestResult executionId="5547b10d-1921-4d3e-b828-5015ad645537" testId="50144c97-8c9c-6cbf-a3a7-c69a8497b2d2" testName="RFC.Api.Tests.AdminControllerTests.OrderStatusTransitions_AllowsExpectedTransitions(current: &quot;Preparing&quot;, next: &quot;Out for Delivery&quot;)" computerName="VISHNUTHARAN" duration="00:00:00.0000046" startTime="2026-08-03T15:19:11.6766989+01:00" endTime="2026-08-03T15:19:11.6766990+01:00" testType="13cdc9d9-ddb5-4fa4-a97d-d965ccfc6d4b" outcome="Passed" testListId="8c84fa94-04c1-424b-9868-57a2d4851a1d" relativeResultsDirectory="5547b10d-1921-4d3e-b828-5015ad645537" />
    <UnitTestResult executionId="4500587b-c047-461c-ab05-c66986a9ed07" testId="80b95dc4-a306-b599-35d0-6d864e87da0d" testName="RFC.Api.Tests.AdminControllerTests.OrderStatusTransitions_AllowsExpectedTransitions(current: &quot;Ready for Collection&quot;, next: &quot;Completed&quot;)" computerName="VISHNUTHARAN" duration="00:00:00.0004503" startTime="2026-08-03T15:19:11.5559325+01:00" endTime="2026-08-03T15:19:11.5559326+01:00" testType="13cdc9d9-ddb5-4fa4-a97d-d965ccfc6d4b" outcome="Passed" testListId="8c84fa94-04c1-424b-9868-57a2d4851a1d" relativeResultsDirectory="4500587b-c047-461c-ab05-c66986a9ed07" />
    <UnitTestResult executionId="1bb92027-c5ac-4511-bbb4-3e766dc5073e" testId="ac952a88-94f6-9bb2-b342-d4c5ba14e7fa" testName="RFC.Api.Tests.SecurityHardeningTests.SensitiveAdminEndpoints_AreManagerOnly(methodName: &quot;UpdateMenuItem&quot;)" computerName="VISHNUTHARAN" duration="00:00:00.0000784" startTime="2026-08-03T15:19:11.7155807+01:00" endTime="2026-08-03T15:19:11.7155808+01:00" testType="13cdc9d9-ddb5-4fa4-a97d-d965ccfc6d4b" outcome="Passed" testListId="8c84fa94-04c1-424b-9868-57a2d4851a1d" relativeResultsDirectory="1bb92027-c5ac-4511-bbb4-3e766dc5073e" />
    <UnitTestResult executionId="e2f61c76-b48a-48a7-8a77-2515c8910b10" testId="1e676034-3ae5-9d41-e384-c5a06cba7785" testName="RFC.Api.Tests.AdminControllerTests.UpdateStatus_ReturnsConflictForInvalidJump" computerName="VISHNUTHARAN" duration="00:00:00.0485670" startTime="2026-08-03T15:19:12.6703439+01:00" endTime="2026-08-03T15:19:12.6703441+01:00" testType="13cdc9d9-ddb5-4fa4-a97d-d965ccfc6d4b" outcome="Passed" testListId="8c84fa94-04c1-424b-9868-57a2d4851a1d" relativeResultsDirectory="e2f61c76-b48a-48a7-8a77-2515c8910b10" />
    <UnitTestResult executionId="d5b2ec22-70f4-40fd-8606-0a6161912c4b" testId="237de52d-196d-484c-580c-ef0a438f5d94" testName="RFC.Api.Tests.SecurityHardeningTests.PasswordHasher_RejectsMalformedOrUnsafeHashes(hash: &quot;pbkdf2-sha256$600000$not-base64$not-base64&quot;)" computerName="VISHNUTHARAN" duration="00:00:00.0005731" startTime="2026-08-03T15:19:11.7173695+01:00" endTime="2026-08-03T15:19:11.7173696+01:00" testType="13cdc9d9-ddb5-4fa4-a97d-d965ccfc6d4b" outcome="Passed" testListId="8c84fa94-04c1-424b-9868-57a2d4851a1d" relativeResultsDirectory="d5b2ec22-70f4-40fd-8606-0a6161912c4b" />
    <UnitTestResult executionId="e2795683-87d3-4e1f-9f94-f870eb72133a" testId="d9ca3dd1-2101-e0b0-c99a-fe8f419c1e8e" testName="RFC.Api.Tests.SecurityHardeningTests.PasswordHasher_RejectsMalformedOrUnsafeHashes(hash: &quot;pbkdf2-sha256$99999$AA==$AA==&quot;)" computerName="VISHNUTHARAN" duration="00:00:00.0002390" startTime="2026-08-03T15:19:11.7169123+01:00" endTime="2026-08-03T15:19:11.7169123+01:00" testType="13cdc9d9-ddb5-4fa4-a97d-d965ccfc6d4b" outcome="Passed" testListId="8c84fa94-04c1-424b-9868-57a2d4851a1d" relativeResultsDirectory="e2795683-87d3-4e1f-9f94-f870eb72133a" />
    <UnitTestResult executionId="f1e5f2d3-4919-4750-8ee7-1dd62349a8b2" testId="19b7c01b-8cac-a026-d715-e4fc7adb0588" testName="RFC.Api.Tests.OrderAccessServiceTests.HasAccess_AllowsGuestWithUnexpiredToken" computerName="VISHNUTHARAN" duration="00:00:00.0002852" startTime="2026-08-03T15:19:11.6814301+01:00" endTime="2026-08-03T15:19:11.6814303+01:00" testType="13cdc9d9-ddb5-4fa4-a97d-d965ccfc6d4b" outcome="Passed" testListId="8c84fa94-04c1-424b-9868-57a2d4851a1d" relativeResultsDirectory="f1e5f2d3-4919-4750-8ee7-1dd62349a8b2" />
    <UnitTestResult executionId="13de23d2-eae6-44e5-9edf-9aacf5fd0c09" testId="0335655b-8ece-e6df-e691-ab3f339894ed" testName="RFC.Api.Tests.AdminControllerTests.UpdateStatus_RejectsTerminalOrderChanges" computerName="VISHNUTHARAN" duration="00:00:01.0702025" startTime="2026-08-03T15:19:12.6216997+01:00" endTime="2026-08-03T15:19:12.6217000+01:00" testType="13cdc9d9-ddb5-4fa4-a97d-d965ccfc6d4b" outcome="Passed" testListId="8c84fa94-04c1-424b-9868-57a2d4851a1d" relativeResultsDirectory="13de23d2-eae6-44e5-9edf-9aacf5fd0c09" />
    <UnitTestResult executionId="982861ea-1275-40eb-85bc-edf5931a53eb" testId="e0481e3a-9f94-c42a-7cae-430952cb2a38" testName="RFC.Api.Tests.AdminControllerTests.UpdateStoreSetting_RejectsIncompleteOpeningHours" computerName="VISHNUTHARAN" duration="00:00:00.0128123" startTime="2026-08-03T15:19:12.7517413+01:00" endTime="2026-08-03T15:19:12.7517415+01:00" testType="13cdc9d9-ddb5-4fa4-a97d-d965ccfc6d4b" outcome="Passed" testListId="8c84fa94-04c1-424b-9868-57a2d4851a1d" relativeResultsDirectory="982861ea-1275-40eb-85bc-edf5931a53eb" />
    <UnitTestResult executionId="8e75df2c-ee38-4e59-aefd-db3ad50d3c2b" testId="88d409f0-d760-6330-ef45-f505105af4bb" testName="RFC.Api.Tests.SecurityHardeningTests.SensitiveAdminEndpoints_AreManagerOnly(methodName: &quot;GetStaffUsers&quot;)" computerName="VISHNUTHARAN" duration="00:00:00.0003760" startTime="2026-08-03T15:19:11.7154541+01:00" endTime="2026-08-03T15:19:11.7154542+01:00" testType="13cdc9d9-ddb5-4fa4-a97d-d965ccfc6d4b" outcome="Passed" testListId="8c84fa94-04c1-424b-9868-57a2d4851a1d" relativeResultsDirectory="8e75df2c-ee38-4e59-aefd-db3ad50d3c2b" />
    <UnitTestResult executionId="02298dca-feb1-49f3-818a-cb4237e47b62" testId="a763df55-d14f-14c1-0010-f7e44d5bd86d" testName="RFC.Api.Tests.SecurityHardeningTests.SensitiveAdminEndpoints_AreManagerOnly(methodName: &quot;CreateMenuItem&quot;)" computerName="VISHNUTHARAN" duration="00:00:00.0000167" startTime="2026-08-03T15:19:11.7167813+01:00" endTime="2026-08-03T15:19:11.7167813+01:00" testType="13cdc9d9-ddb5-4fa4-a97d-d965ccfc6d4b" outcome="Passed" testListId="8c84fa94-04c1-424b-9868-57a2d4851a1d" relativeResultsDirectory="02298dca-feb1-49f3-818a-cb4237e47b62" />
    <UnitTestResult executionId="37d9603c-b020-4761-8192-8fd7515c4905" testId="69dd4970-27f9-257b-729e-667deba01b1b" testName="RFC.Api.Tests.DeliveryRadiusServiceTests.CheckAsync_RejectsInvalidPostcodes(postcode: &quot;WD&quot;)" computerName="VISHNUTHARAN" duration="00:00:00.0001761" startTime="2026-08-03T15:19:11.6773168+01:00" endTime="2026-08-03T15:19:11.6773169+01:00" testType="13cdc9d9-ddb5-4fa4-a97d-d965ccfc6d4b" outcome="Passed" testListId="8c84fa94-04c1-424b-9868-57a2d4851a1d" relativeResultsDirectory="37d9603c-b020-4761-8192-8fd7515c4905" />
    <UnitTestResult executionId="1aaba088-c9f8-4841-bc61-1f9b49c7816d" testId="8ba251d3-2325-3974-af92-25cf46bcd2b7" testName="RFC.Api.Tests.AdminControllerTests.OrderStatusTransitions_RejectsInvalidTransitions(current: &quot;Placed&quot;, next: &quot;Completed&quot;)" computerName="VISHNUTHARAN" duration="00:00:00.0000060" startTime="2026-08-03T15:19:12.6707555+01:00" endTime="2026-08-03T15:19:12.6707556+01:00" testType="13cdc9d9-ddb5-4fa4-a97d-d965ccfc6d4b" outcome="Passed" testListId="8c84fa94-04c1-424b-9868-57a2d4851a1d" relativeResultsDirectory="1aaba088-c9f8-4841-bc61-1f9b49c7816d" />
    <UnitTestResult executionId="5da0dda5-7301-4cad-8b63-8f00a56a182b" testId="2815c06d-d37b-98a9-1de0-5b1520780574" testName="RFC.Api.Tests.OrdersControllerTests.CreateOrder_CallsStripeVerificationAndRejectsFailedCardPayment" computerName="VISHNUTHARAN" duration="00:00:00.0030580" startTime="2026-08-03T15:19:12.7748559+01:00" endTime="2026-08-03T15:19:12.7748562+01:00" testType="13cdc9d9-ddb5-4fa4-a97d-d965ccfc6d4b" outcome="Passed" testListId="8c84fa94-04c1-424b-9868-57a2d4851a1d" relativeResultsDirectory="5da0dda5-7301-4cad-8b63-8f00a56a182b" />
    <UnitTestResult executionId="20d96be0-3737-4a23-8494-48661725acce" testId="43bbfeee-9ee9-b37a-e0c8-9bd31d709e55" testName="RFC.Api.Tests.OrdersControllerTests.CreateOrder_DoesNotPersistOrderOrStockChanges_WhenStockValidationFails" computerName="VISHNUTHARAN" duration="00:00:00.0032443" startTime="2026-08-03T15:19:12.8152709+01:00" endTime="2026-08-03T15:19:12.8152712+01:00" testType="13cdc9d9-ddb5-4fa4-a97d-d965ccfc6d4b" outcome="Passed" testListId="8c84fa94-04c1-424b-9868-57a2d4851a1d" relativeResultsDirectory="20d96be0-3737-4a23-8494-48661725acce" />
    <UnitTestResult executionId="3b569931-d6dd-487d-9950-050396fe3406" testId="b3e427a1-2c32-8fd4-1c66-78620d359c4b" testName="RFC.Api.Tests.OrderAccessServiceTests.HasAccess_RejectsWrongGuestToken" computerName="VISHNUTHARAN" duration="00:00:00.0057619" startTime="2026-08-03T15:19:11.6775883+01:00" endTime="2026-08-03T15:19:11.6775884+01:00" testType="13cdc9d9-ddb5-4fa4-a97d-d965ccfc6d4b" outcome="Passed" testListId="8c84fa94-04c1-424b-9868-57a2d4851a1d" relativeResultsDirectory="3b569931-d6dd-487d-9950-050396fe3406" />
    <UnitTestResult executionId="511e8ab3-c514-4a7e-8ca5-ebf0c418dab3" testId="9ac2ce59-56aa-00d3-b7bb-459a1c459cfc" testName="RFC.Api.Tests.OrdersControllerTests.CreateOrder_DecrementsStockAndReturnsGuestAccessToken_WhenCashOrderIsValid" computerName="VISHNUTHARAN" duration="00:00:01.2115749" startTime="2026-08-03T15:19:12.7495534+01:00" endTime="2026-08-03T15:19:12.7495536+01:00" testType="13cdc9d9-ddb5-4fa4-a97d-d965ccfc6d4b" outcome="Passed" testListId="8c84fa94-04c1-424b-9868-57a2d4851a1d" relativeResultsDirectory="511e8ab3-c514-4a7e-8ca5-ebf0c418dab3" />
    <UnitTestResult executionId="6304ca06-d1b2-42f4-9734-feb2eed5e7ab" testId="be8ed0dc-0f26-276f-ea63-0e55de4bb7d9" testName="RFC.Api.Tests.OrdersControllerTests.CreateOrder_ReturnsExistingOwnedOrderForIdempotentCardRetry" computerName="VISHNUTHARAN" duration="00:00:00.0156230" startTime="2026-08-03T15:19:12.8119035+01:00" endTime="2026-08-03T15:19:12.8119041+01:00" testType="13cdc9d9-ddb5-4fa4-a97d-d965ccfc6d4b" outcome="Passed" testListId="8c84fa94-04c1-424b-9868-57a2d4851a1d" relativeResultsDirectory="6304ca06-d1b2-42f4-9734-feb2eed5e7ab" />
    <UnitTestResult executionId="0c6e0e00-8003-474e-92a5-e27e9316e98a" testId="be2ea061-a434-0ced-b37e-a4d2a3206a98" testName="RFC.Api.Tests.SecurityHardeningTests.PasswordHasher_RoundTripsCurrentHash" computerName="VISHNUTHARAN" duration="00:00:00.4728885" startTime="2026-08-03T15:19:12.1904251+01:00" endTime="2026-08-03T15:19:12.1904255+01:00" testType="13cdc9d9-ddb5-4fa4-a97d-d965ccfc6d4b" outcome="Passed" testListId="8c84fa94-04c1-424b-9868-57a2d4851a1d" relativeResultsDirectory="0c6e0e00-8003-474e-92a5-e27e9316e98a" />
    <UnitTestResult executionId="0a354a5d-4c60-42f7-b957-6737826b8a6e" testId="86a1f044-d0f8-4554-1bd6-96368390f368" testName="RFC.Api.Tests.OrdersControllerTests.CreateOrder_RejectsEmptyBasket" computerName="VISHNUTHARAN" duration="00:00:00.0019263" startTime="2026-08-03T15:19:12.8172505+01:00" endTime="2026-08-03T15:19:12.8172507+01:00" testType="13cdc9d9-ddb5-4fa4-a97d-d965ccfc6d4b" outcome="Passed" testListId="8c84fa94-04c1-424b-9868-57a2d4851a1d" relativeResultsDirectory="0a354a5d-4c60-42f7-b957-6737826b8a6e" />
    <UnitTestResult executionId="87b2dee8-91f3-4866-9439-b33f24387a94" testId="069639db-d76a-314c-c13e-1059c5975816" testName="RFC.Api.Tests.SecurityHardeningTests.SensitiveAdminEndpoints_AreManagerOnly(methodName: &quot;ArchiveMenuItem&quot;)" computerName="VISHNUTHARAN" duration="00:00:00.0015904" startTime="2026-08-03T15:19:11.7153362+01:00" endTime="2026-08-03T15:19:11.7153368+01:00" testType="13cdc9d9-ddb5-4fa4-a97d-d965ccfc6d4b" outcome="Passed" testListId="8c84fa94-04c1-424b-9868-57a2d4851a1d" relativeResultsDirectory="87b2dee8-91f3-4866-9439-b33f24387a94" />
    <UnitTestResult executionId="67aeaffb-c74a-4416-a9e3-f46507a0b425" testId="c4055baf-08b9-137e-1b9a-aca4e058dbf2" testName="RFC.Api.Tests.OrderAccessServiceTests.HasAccess_AllowsAuthenticatedCustomerById" computerName="VISHNUTHARAN" duration="00:00:00.1034384" startTime="2026-08-03T15:19:11.6774816+01:00" endTime="2026-08-03T15:19:11.6774817+01:00" testType="13cdc9d9-ddb5-4fa4-a97d-d965ccfc6d4b" outcome="Passed" testListId="8c84fa94-04c1-424b-9868-57a2d4851a1d" relativeResultsDirectory="67aeaffb-c74a-4416-a9e3-f46507a0b425" />
    <UnitTestResult executionId="6e3f0a33-6e16-4733-902d-bc82e1a4b708" testId="6e0f3d08-59cf-7e9d-db02-da945415cb8d" testName="RFC.Api.Tests.AdminControllerTests.OrderStatusTransitions_AllowsExpectedTransitions(current: &quot;Preparing&quot;, next: &quot;Ready for Collection&quot;)" computerName="VISHNUTHARAN" duration="00:00:00.0000032" startTime="2026-08-03T15:19:11.5564861+01:00" endTime="2026-08-03T15:19:11.5564861+01:00" testType="13cdc9d9-ddb5-4fa4-a97d-d965ccfc6d4b" outcome="Passed" testListId="8c84fa94-04c1-424b-9868-57a2d4851a1d" relativeResultsDirectory="6e3f0a33-6e16-4733-902d-bc82e1a4b708" />
    <UnitTestResult executionId="85dbd2ff-eb00-4171-a55c-cbf75e03ae07" testId="7c3d545c-9b32-421b-bd2f-c12527b215b9" testName="RFC.Api.Tests.AdminControllerTests.UpdateStoreSetting_AcceptsCompleteOpeningHours" computerName="VISHNUTHARAN" duration="00:00:00.0664049" startTime="2026-08-03T15:19:12.7373335+01:00" endTime="2026-08-03T15:19:12.7373337+01:00" testType="13cdc9d9-ddb5-4fa4-a97d-d965ccfc6d4b" outcome="Passed" testListId="8c84fa94-04c1-424b-9868-57a2d4851a1d" relativeResultsDirectory="85dbd2ff-eb00-4171-a55c-cbf75e03ae07" />
    <UnitTestResult executionId="abd87578-8754-4942-944c-ea6769d475e0" testId="db76249d-ac6b-02cc-eb71-dbf4e681cc03" testName="RFC.Api.Tests.OrdersControllerTests.CreateOrder_RefundsCapturedPaymentWhenCheckoutNoLongerMatches" computerName="VISHNUTHARAN" duration="00:00:00.0219551" startTime="2026-08-03T15:19:12.7716129+01:00" endTime="2026-08-03T15:19:12.7716131+01:00" testType="13cdc9d9-ddb5-4fa4-a97d-d965ccfc6d4b" outcome="Passed" testListId="8c84fa94-04c1-424b-9868-57a2d4851a1d" relativeResultsDirectory="abd87578-8754-4942-944c-ea6769d475e0" />
  </Results>
  <TestDefinitions>
    <UnitTest name="RFC.Api.Tests.AdminControllerTests.OrderStatusTransitions_AllowsExpectedTransitions(current: &quot;Ready for Collection&quot;, next: &quot;Completed&quot;)" storage="c:\users\karun\onedrive\desktop\vishnu\rfc\backend.tests\bin\release\net9.0\rfc.api.tests.dll" id="80b95dc4-a306-b599-35d0-6d864e87da0d">
      <Execution id="4500587b-c047-461c-ab05-c66986a9ed07" />
      <TestMethod codeBase="C:\Users\karun\OneDrive\Desktop\Vishnu\RFC\backend.Tests\bin\Release\net9.0\RFC.Api.Tests.dll" adapterTypeName="executor://xunit/VsTestRunner2/netcoreapp" className="RFC.Api.Tests.AdminControllerTests" name="OrderStatusTransitions_AllowsExpectedTransitions" />
    </UnitTest>
    <UnitTest name="RFC.Api.Tests.SecurityHardeningTests.StripeGateway_FailsClosedWhenSecretIsMissing" storage="c:\users\karun\onedrive\desktop\vishnu\rfc\backend.tests\bin\release\net9.0\rfc.api.tests.dll" id="f62c1fa7-9b2d-d876-651a-d463732d245b">
      <Execution id="f1ec5ea2-5e21-4739-919e-ff6c6dc9400d" />
      <TestMethod codeBase="C:\Users\karun\OneDrive\Desktop\Vishnu\RFC\backend.Tests\bin\Release\net9.0\RFC.Api.Tests.dll" adapterTypeName="executor://xunit/VsTestRunner2/netcoreapp" className="RFC.Api.Tests.SecurityHardeningTests" name="StripeGateway_FailsClosedWhenSecretIsMissing" />
    </UnitTest>
    <UnitTest name="RFC.Api.Tests.AdminControllerTests.UpdateStatus_RejectsTerminalOrderChanges" storage="c:\users\karun\onedrive\desktop\vishnu\rfc\backend.tests\bin\release\net9.0\rfc.api.tests.dll" id="0335655b-8ece-e6df-e691-ab3f339894ed">
      <Execution id="13de23d2-eae6-44e5-9edf-9aacf5fd0c09" />
      <TestMethod codeBase="C:\Users\karun\OneDrive\Desktop\Vishnu\RFC\backend.Tests\bin\Release\net9.0\RFC.Api.Tests.dll" adapterTypeName="executor://xunit/VsTestRunner2/netcoreapp" className="RFC.Api.Tests.AdminControllerTests" name="UpdateStatus_RejectsTerminalOrderChanges" />
    </UnitTest>
    <UnitTest name="RFC.Api.Tests.SecurityHardeningTests.SensitiveAdminEndpoints_AreManagerOnly(methodName: &quot;GetCustomers&quot;)" storage="c:\users\karun\onedrive\desktop\vishnu\rfc\backend.tests\bin\release\net9.0\rfc.api.tests.dll" id="8dc06a55-bb7c-b49f-453a-a7b73002fb31">
      <Execution id="815898a0-21a0-4e84-89be-e45e3abc1337" />
      <TestMethod codeBase="C:\Users\karun\OneDrive\Desktop\Vishnu\RFC\backend.Tests\bin\Release\net9.0\RFC.Api.Tests.dll" adapterTypeName="executor://xunit/VsTestRunner2/netcoreapp" className="RFC.Api.Tests.SecurityHardeningTests" name="SensitiveAdminEndpoints_AreManagerOnly" />
    </UnitTest>
    <UnitTest name="RFC.Api.Tests.AdminControllerTests.UpdateStatus_ReturnsConflictForInvalidJump" storage="c:\users\karun\onedrive\desktop\vishnu\rfc\backend.tests\bin\release\net9.0\rfc.api.tests.dll" id="1e676034-3ae5-9d41-e384-c5a06cba7785">
      <Execution id="e2f61c76-b48a-48a7-8a77-2515c8910b10" />
      <TestMethod codeBase="C:\Users\karun\OneDrive\Desktop\Vishnu\RFC\backend.Tests\bin\Release\net9.0\RFC.Api.Tests.dll" adapterTypeName="executor://xunit/VsTestRunner2/netcoreapp" className="RFC.Api.Tests.AdminControllerTests" name="UpdateStatus_ReturnsConflictForInvalidJump" />
    </UnitTest>
    <UnitTest name="RFC.Api.Tests.AdminControllerTests.AdminController_IsStaffOnly" storage="c:\users\karun\onedrive\desktop\vishnu\rfc\backend.tests\bin\release\net9.0\rfc.api.tests.dll" id="0e75d814-b000-b0bf-2ae5-3c0b18bf8fe3">
      <Execution id="6b635391-545b-43c0-aee8-a6853af1b493" />
      <TestMethod codeBase="C:\Users\karun\OneDrive\Desktop\Vishnu\RFC\backend.Tests\bin\Release\net9.0\RFC.Api.Tests.dll" adapterTypeName="executor://xunit/VsTestRunner2/netcoreapp" className="RFC.Api.Tests.AdminControllerTests" name="AdminController_IsStaffOnly" />
    </UnitTest>
    <UnitTest name="RFC.Api.Tests.OrderAccessServiceTests.HasAccess_RejectsUnverifiedEmailMatchForLegacyOrders" storage="c:\users\karun\onedrive\desktop\vishnu\rfc\backend.tests\bin\release\net9.0\rfc.api.tests.dll" id="389ba3ce-55f5-0a74-0717-3642ca9313f4">
      <Execution id="20f5c7e3-94c8-4f24-b579-d59759e44299" />
      <TestMethod codeBase="C:\Users\karun\OneDrive\Desktop\Vishnu\RFC\backend.Tests\bin\Release\net9.0\RFC.Api.Tests.dll" adapterTypeName="executor://xunit/VsTestRunner2/netcoreapp" className="RFC.Api.Tests.OrderAccessServiceTests" name="HasAccess_RejectsUnverifiedEmailMatchForLegacyOrders" />
    </UnitTest>
    <UnitTest name="RFC.Api.Tests.SecurityHardeningTests.SensitiveAdminEndpoints_AreManagerOnly(methodName: &quot;GetStoreSettings&quot;)" storage="c:\users\karun\onedrive\desktop\vishnu\rfc\backend.tests\bin\release\net9.0\rfc.api.tests.dll" id="88caa822-d04d-3d51-a311-5fa8cd51c404">
      <Execution id="b838e31b-f571-40eb-87cb-5c4692e9ed78" />
      <TestMethod codeBase="C:\Users\karun\OneDrive\Desktop\Vishnu\RFC\backend.Tests\bin\Release\net9.0\RFC.Api.Tests.dll" adapterTypeName="executor://xunit/VsTestRunner2/netcoreapp" className="RFC.Api.Tests.SecurityHardeningTests" name="SensitiveAdminEndpoints_AreManagerOnly" />
    </UnitTest>
    <UnitTest name="RFC.Api.Tests.SecurityHardeningTests.SensitiveAdminEndpoints_AreManagerOnly(methodName: &quot;GetStaffUsers&quot;)" storage="c:\users\karun\onedrive\desktop\vishnu\rfc\backend.tests\bin\release\net9.0\rfc.api.tests.dll" id="88d409f0-d760-6330-ef45-f505105af4bb">
      <Execution id="8e75df2c-ee38-4e59-aefd-db3ad50d3c2b" />
      <TestMethod codeBase="C:\Users\karun\OneDrive\Desktop\Vishnu\RFC\backend.Tests\bin\Release\net9.0\RFC.Api.Tests.dll" adapterTypeName="executor://xunit/VsTestRunner2/netcoreapp" className="RFC.Api.Tests.SecurityHardeningTests" name="SensitiveAdminEndpoints_AreManagerOnly" />
    </UnitTest>
    <UnitTest name="RFC.Api.Tests.OrdersControllerTests.CreateOrder_AcceptsSuccessfulStripeVerification" storage="c:\users\karun\onedrive\desktop\vishnu\rfc\backend.tests\bin\release\net9.0\rfc.api.tests.dll" id="dd98bd23-1cad-56ee-4c7a-0fa7e1ce3b17">
      <Execution id="d0d35b30-c3bc-4c20-9cac-8a035f58f829" />
      <TestMethod codeBase="C:\Users\karun\OneDrive\Desktop\Vishnu\RFC\backend.Tests\bin\Release\net9.0\RFC.Api.Tests.dll" adapterTypeName="executor://xunit/VsTestRunner2/netcoreapp" className="RFC.Api.Tests.OrdersControllerTests" name="CreateOrder_AcceptsSuccessfulStripeVerification" />
    </UnitTest>
    <UnitTest name="RFC.Api.Tests.SecurityHardeningTests.SensitiveAdminEndpoints_AreManagerOnly(methodName: &quot;CreateStaffUser&quot;)" storage="c:\users\karun\onedrive\desktop\vishnu\rfc\backend.tests\bin\release\net9.0\rfc.api.tests.dll" id="d0af7504-d104-a556-40b9-88655332c460">
      <Execution id="0c558d92-8e40-4306-ac21-048c0202f094" />
      <TestMethod codeBase="C:\Users\karun\OneDrive\Desktop\Vishnu\RFC\backend.Tests\bin\Release\net9.0\RFC.Api.Tests.dll" adapterTypeName="executor://xunit/VsTestRunner2/netcoreapp" className="RFC.Api.Tests.SecurityHardeningTests" name="SensitiveAdminEndpoints_AreManagerOnly" />
    </UnitTest>
    <UnitTest name="RFC.Api.Tests.SecurityHardeningTests.SensitiveAdminEndpoints_AreManagerOnly(methodName: &quot;UpdateStaffUser&quot;)" storage="c:\users\karun\onedrive\desktop\vishnu\rfc\backend.tests\bin\release\net9.0\rfc.api.tests.dll" id="6c62e51a-a086-186b-5b82-31df1b7b46ed">
      <Execution id="157ebd77-b64e-4603-8e73-0fefd3585597" />
      <TestMethod codeBase="C:\Users\karun\OneDrive\Desktop\Vishnu\RFC\backend.Tests\bin\Release\net9.0\RFC.Api.Tests.dll" adapterTypeName="executor://xunit/VsTestRunner2/netcoreapp" className="RFC.Api.Tests.SecurityHardeningTests" name="SensitiveAdminEndpoints_AreManagerOnly" />
    </UnitTest>
    <UnitTest name="RFC.Api.Tests.DeliveryRadiusServiceTests.CheckAsync_RejectsInvalidPostcodes(postcode: &quot;WD&quot;)" storage="c:\users\karun\onedrive\desktop\vishnu\rfc\backend.tests\bin\release\net9.0\rfc.api.tests.dll" id="69dd4970-27f9-257b-729e-667deba01b1b">
      <Execution id="37d9603c-b020-4761-8192-8fd7515c4905" />
      <TestMethod codeBase="C:\Users\karun\OneDrive\Desktop\Vishnu\RFC\backend.Tests\bin\Release\net9.0\RFC.Api.Tests.dll" adapterTypeName="executor://xunit/VsTestRunner2/netcoreapp" className="RFC.Api.Tests.DeliveryRadiusServiceTests" name="CheckAsync_RejectsInvalidPostcodes" />
    </UnitTest>
    <UnitTest name="RFC.Api.Tests.OrdersControllerTests.CreateOrder_ReturnsExistingOwnedOrderForIdempotentCardRetry" storage="c:\users\karun\onedrive\desktop\vishnu\rfc\backend.tests\bin\release\net9.0\rfc.api.tests.dll" id="be8ed0dc-0f26-276f-ea63-0e55de4bb7d9">
      <Execution id="6304ca06-d1b2-42f4-9734-feb2eed5e7ab" />
      <TestMethod codeBase="C:\Users\karun\OneDrive\Desktop\Vishnu\RFC\backend.Tests\bin\Release\net9.0\RFC.Api.Tests.dll" adapterTypeName="executor://xunit/VsTestRunner2/netcoreapp" className="RFC.Api.Tests.OrdersControllerTests" name="CreateOrder_ReturnsExistingOwnedOrderForIdempotentCardRetry" />
    </UnitTest>
    <UnitTest name="RFC.Api.Tests.OrdersControllerTests.CreateOrder_DoesNotPersistOrderOrStockChanges_WhenStockValidationFails" storage="c:\users\karun\onedrive\desktop\vishnu\rfc\backend.tests\bin\release\net9.0\rfc.api.tests.dll" id="43bbfeee-9ee9-b37a-e0c8-9bd31d709e55">
      <Execution id="20d96be0-3737-4a23-8494-48661725acce" />
      <TestMethod codeBase="C:\Users\karun\OneDrive\Desktop\Vishnu\RFC\backend.Tests\bin\Release\net9.0\RFC.Api.Tests.dll" adapterTypeName="executor://xunit/VsTestRunner2/netcoreapp" className="RFC.Api.Tests.OrdersControllerTests" name="CreateOrder_DoesNotPersistOrderOrStockChanges_WhenStockValidationFails" />
    </UnitTest>
    <UnitTest name="RFC.Api.Tests.SecurityHardeningTests.PasswordHasher_RejectsMalformedOrUnsafeHashes(hash: &quot;not-a-hash&quot;)" storage="c:\users\karun\onedrive\desktop\vishnu\rfc\backend.tests\bin\release\net9.0\rfc.api.tests.dll" id="d120b23e-5847-1786-8c26-0dd33b71f772">
      <Execution id="b3dc265a-978b-4b3e-a536-396ebc1ee149" />
      <TestMethod codeBase="C:\Users\karun\OneDrive\Desktop\Vishnu\RFC\backend.Tests\bin\Release\net9.0\RFC.Api.Tests.dll" adapterTypeName="executor://xunit/VsTestRunner2/netcoreapp" className="RFC.Api.Tests.SecurityHardeningTests" name="PasswordHasher_RejectsMalformedOrUnsafeHashes" />
    </UnitTest>
    <UnitTest name="RFC.Api.Tests.SecurityHardeningTests.PasswordHasher_RoundTripsCurrentHash" storage="c:\users\karun\onedrive\desktop\vishnu\rfc\backend.tests\bin\release\net9.0\rfc.api.tests.dll" id="be2ea061-a434-0ced-b37e-a4d2a3206a98">
      <Execution id="0c6e0e00-8003-474e-92a5-e27e9316e98a" />
      <TestMethod codeBase="C:\Users\karun\OneDrive\Desktop\Vishnu\RFC\backend.Tests\bin\Release\net9.0\RFC.Api.Tests.dll" adapterTypeName="executor://xunit/VsTestRunner2/netcoreapp" className="RFC.Api.Tests.SecurityHardeningTests" name="PasswordHasher_RoundTripsCurrentHash" />
    </UnitTest>
    <UnitTest name="RFC.Api.Tests.OrderAccessServiceTests.HasAccess_RejectsWrongGuestToken" storage="c:\users\karun\onedrive\desktop\vishnu\rfc\backend.tests\bin\release\net9.0\rfc.api.tests.dll" id="b3e427a1-2c32-8fd4-1c66-78620d359c4b">
      <Execution id="3b569931-d6dd-487d-9950-050396fe3406" />
      <TestMethod codeBase="C:\Users\karun\OneDrive\Desktop\Vishnu\RFC\backend.Tests\bin\Release\net9.0\RFC.Api.Tests.dll" adapterTypeName="executor://xunit/VsTestRunner2/netcoreapp" className="RFC.Api.Tests.OrderAccessServiceTests" name="HasAccess_RejectsWrongGuestToken" />
    </UnitTest>
    <UnitTest name="RFC.Api.Tests.SecurityHardeningTests.PasswordHasher_RejectsMalformedOrUnsafeHashes(hash: &quot;pbkdf2-sha256$99999$AA==$AA==&quot;)" storage="c:\users\karun\onedrive\desktop\vishnu\rfc\backend.tests\bin\release\net9.0\rfc.api.tests.dll" id="d9ca3dd1-2101-e0b0-c99a-fe8f419c1e8e">
      <Execution id="e2795683-87d3-4e1f-9f94-f870eb72133a" />
      <TestMethod codeBase="C:\Users\karun\OneDrive\Desktop\Vishnu\RFC\backend.Tests\bin\Release\net9.0\RFC.Api.Tests.dll" adapterTypeName="executor://xunit/VsTestRunner2/netcoreapp" className="RFC.Api.Tests.SecurityHardeningTests" name="PasswordHasher_RejectsMalformedOrUnsafeHashes" />
    </UnitTest>
    <UnitTest name="RFC.Api.Tests.DeliveryRadiusServiceTests.CheckAsync_RejectsInvalidPostcodes(postcode: &quot;&quot;)" storage="c:\users\karun\onedrive\desktop\vishnu\rfc\backend.tests\bin\release\net9.0\rfc.api.tests.dll" id="58d631de-1615-f787-efa2-7f84cd574ae0">
      <Execution id="febd2322-ec58-451b-ba6f-150c386d5cdf" />
      <TestMethod codeBase="C:\Users\karun\OneDrive\Desktop\Vishnu\RFC\backend.Tests\bin\Release\net9.0\RFC.Api.Tests.dll" adapterTypeName="executor://xunit/VsTestRunner2/netcoreapp" className="RFC.Api.Tests.DeliveryRadiusServiceTests" name="CheckAsync_RejectsInvalidPostcodes" />
    </UnitTest>
    <UnitTest name="RFC.Api.Tests.AdminControllerTests.UpdateStoreSetting_AcceptsCompleteOpeningHours" storage="c:\users\karun\onedrive\desktop\vishnu\rfc\backend.tests\bin\release\net9.0\rfc.api.tests.dll" id="7c3d545c-9b32-421b-bd2f-c12527b215b9">
      <Execution id="85dbd2ff-eb00-4171-a55c-cbf75e03ae07" />
      <TestMethod codeBase="C:\Users\karun\OneDrive\Desktop\Vishnu\RFC\backend.Tests\bin\Release\net9.0\RFC.Api.Tests.dll" adapterTypeName="executor://xunit/VsTestRunner2/netcoreapp" className="RFC.Api.Tests.AdminControllerTests" name="UpdateStoreSetting_AcceptsCompleteOpeningHours" />
    </UnitTest>
    <UnitTest name="RFC.Api.Tests.OrderAccessServiceTests.HasAccess_RejectsExpiredGuestToken" storage="c:\users\karun\onedrive\desktop\vishnu\rfc\backend.tests\bin\release\net9.0\rfc.api.tests.dll" id="214413f5-219a-31a6-14b6-50f45ba75a7a">
      <Execution id="6f67c711-862a-443d-a788-7e23361d4381" />
      <TestMethod codeBase="C:\Users\karun\OneDrive\Desktop\Vishnu\RFC\backend.Tests\bin\Release\net9.0\RFC.Api.Tests.dll" adapterTypeName="executor://xunit/VsTestRunner2/netcoreapp" className="RFC.Api.Tests.OrderAccessServiceTests" name="HasAccess_RejectsExpiredGuestToken" />
    </UnitTest>
    <UnitTest name="RFC.Api.Tests.OrdersControllerTests.CreateOrder_DecrementsStockAndReturnsGuestAccessToken_WhenCashOrderIsValid" storage="c:\users\karun\onedrive\desktop\vishnu\rfc\backend.tests\bin\release\net9.0\rfc.api.tests.dll" id="9ac2ce59-56aa-00d3-b7bb-459a1c459cfc">
      <Execution id="511e8ab3-c514-4a7e-8ca5-ebf0c418dab3" />
      <TestMethod codeBase="C:\Users\karun\OneDrive\Desktop\Vishnu\RFC\backend.Tests\bin\Release\net9.0\RFC.Api.Tests.dll" adapterTypeName="executor://xunit/VsTestRunner2/netcoreapp" className="RFC.Api.Tests.OrdersControllerTests" name="CreateOrder_DecrementsStockAndReturnsGuestAccessToken_WhenCashOrderIsValid" />
    </UnitTest>
    <UnitTest name="RFC.Api.Tests.SecurityHardeningTests.PasswordHasher_RejectsMalformedOrUnsafeHashes(hash: &quot;&quot;)" storage="c:\users\karun\onedrive\desktop\vishnu\rfc\backend.tests\bin\release\net9.0\rfc.api.tests.dll" id="24bf1ef0-ddf0-4a00-7ca9-26c3bf56c8ed">
      <Execution id="034abbcb-64c7-4e01-8f4d-0546aa837041" />
      <TestMethod codeBase="C:\Users\karun\OneDrive\Desktop\Vishnu\RFC\backend.Tests\bin\Release\net9.0\RFC.Api.Tests.dll" adapterTypeName="executor://xunit/VsTestRunner2/netcoreapp" className="RFC.Api.Tests.SecurityHardeningTests" name="PasswordHasher_RejectsMalformedOrUnsafeHashes" />
    </UnitTest>
    <UnitTest name="RFC.Api.Tests.DeliveryRadiusServiceTests.CheckAsync_RejectsInvalidPostcodes(postcode: &quot;not-a-postcode&quot;)" storage="c:\users\karun\onedrive\desktop\vishnu\rfc\backend.tests\bin\release\net9.0\rfc.api.tests.dll" id="cbddfaa6-d621-a854-1697-89ab37175f08">
      <Execution id="ad8e1a53-0eb3-4413-8e3e-8742ce6f6fcf" />
      <TestMethod codeBase="C:\Users\karun\OneDrive\Desktop\Vishnu\RFC\backend.Tests\bin\Release\net9.0\RFC.Api.Tests.dll" adapterTypeName="executor://xunit/VsTestRunner2/netcoreapp" className="RFC.Api.Tests.DeliveryRadiusServiceTests" name="CheckAsync_RejectsInvalidPostcodes" />
    </UnitTest>
    <UnitTest name="RFC.Api.Tests.AdminControllerTests.OrderStatusTransitions_AllowsExpectedTransitions(current: &quot;Preparing&quot;, next: &quot;Out for Delivery&quot;)" storage="c:\users\karun\onedrive\desktop\vishnu\rfc\backend.tests\bin\release\net9.0\rfc.api.tests.dll" id="50144c97-8c9c-6cbf-a3a7-c69a8497b2d2">
      <Execution id="5547b10d-1921-4d3e-b828-5015ad645537" />
      <TestMethod codeBase="C:\Users\karun\OneDrive\Desktop\Vishnu\RFC\backend.Tests\bin\Release\net9.0\RFC.Api.Tests.dll" adapterTypeName="executor://xunit/VsTestRunner2/netcoreapp" className="RFC.Api.Tests.AdminControllerTests" name="OrderStatusTransitions_AllowsExpectedTransitions" />
    </UnitTest>
    <UnitTest name="RFC.Api.Tests.OrderAccessServiceTests.HasAccess_AllowsGuestWithUnexpiredToken" storage="c:\users\karun\onedrive\desktop\vishnu\rfc\backend.tests\bin\release\net9.0\rfc.api.tests.dll" id="19b7c01b-8cac-a026-d715-e4fc7adb0588">
      <Execution id="f1e5f2d3-4919-4750-8ee7-1dd62349a8b2" />
      <TestMethod codeBase="C:\Users\karun\OneDrive\Desktop\Vishnu\RFC\backend.Tests\bin\Release\net9.0\RFC.Api.Tests.dll" adapterTypeName="executor://xunit/VsTestRunner2/netcoreapp" className="RFC.Api.Tests.OrderAccessServiceTests" name="HasAccess_AllowsGuestWithUnexpiredToken" />
    </UnitTest>
    <UnitTest name="RFC.Api.Tests.AdminControllerTests.OrderStatusTransitions_AllowsExpectedTransitions(current: &quot;Preparing&quot;, next: &quot;Ready for Collection&quot;)" storage="c:\users\karun\onedrive\desktop\vishnu\rfc\backend.tests\bin\release\net9.0\rfc.api.tests.dll" id="6e0f3d08-59cf-7e9d-db02-da945415cb8d">
      <Execution id="6e3f0a33-6e16-4733-902d-bc82e1a4b708" />
      <TestMethod codeBase="C:\Users\karun\OneDrive\Desktop\Vishnu\RFC\backend.Tests\bin\Release\net9.0\RFC.Api.Tests.dll" adapterTypeName="executor://xunit/VsTestRunner2/netcoreapp" className="RFC.Api.Tests.AdminControllerTests" name="OrderStatusTransitions_AllowsExpectedTransitions" />
    </UnitTest>
    <UnitTest name="RFC.Api.Tests.SecurityHardeningTests.SensitiveAdminEndpoints_AreManagerOnly(methodName: &quot;GetAuditLogs&quot;)" storage="c:\users\karun\onedrive\desktop\vishnu\rfc\backend.tests\bin\release\net9.0\rfc.api.tests.dll" id="8806dfaf-0d8f-74c4-9a90-0e7906a8b257">
      <Execution id="efb98ad4-4824-49d3-ab53-497ef3300ef3" />
      <TestMethod codeBase="C:\Users\karun\OneDrive\Desktop\Vishnu\RFC\backend.Tests\bin\Release\net9.0\RFC.Api.Tests.dll" adapterTypeName="executor://xunit/VsTestRunner2/netcoreapp" className="RFC.Api.Tests.SecurityHardeningTests" name="SensitiveAdminEndpoints_AreManagerOnly" />
    </UnitTest>
    <UnitTest name="RFC.Api.Tests.DeliveryRadiusServiceTests.CheckAsync_FailsClosedWhenPostcodeProviderIsUnavailable" storage="c:\users\karun\onedrive\desktop\vishnu\rfc\backend.tests\bin\release\net9.0\rfc.api.tests.dll" id="d020c76a-1040-3c2c-f8ce-faddcbbcccc3">
      <Execution id="4abb1573-ae1a-48be-85f8-5260320d3dc8" />
      <TestMethod codeBase="C:\Users\karun\OneDrive\Desktop\Vishnu\RFC\backend.Tests\bin\Release\net9.0\RFC.Api.Tests.dll" adapterTypeName="executor://xunit/VsTestRunner2/netcoreapp" className="RFC.Api.Tests.DeliveryRadiusServiceTests" name="CheckAsync_FailsClosedWhenPostcodeProviderIsUnavailable" />
    </UnitTest>
    <UnitTest name="RFC.Api.Tests.OrderAccessServiceTests.HasAccess_AllowsAuthenticatedCustomerById" storage="c:\users\karun\onedrive\desktop\vishnu\rfc\backend.tests\bin\release\net9.0\rfc.api.tests.dll" id="c4055baf-08b9-137e-1b9a-aca4e058dbf2">
      <Execution id="67aeaffb-c74a-4416-a9e3-f46507a0b425" />
      <TestMethod codeBase="C:\Users\karun\OneDrive\Desktop\Vishnu\RFC\backend.Tests\bin\Release\net9.0\RFC.Api.Tests.dll" adapterTypeName="executor://xunit/VsTestRunner2/netcoreapp" className="RFC.Api.Tests.OrderAccessServiceTests" name="HasAccess_AllowsAuthenticatedCustomerById" />
    </UnitTest>
    <UnitTest name="RFC.Api.Tests.SecurityHardeningTests.PasswordHasher_RejectsMalformedOrUnsafeHashes(hash: &quot;pbkdf2-sha256$999999999$AA==$AA==&quot;)" storage="c:\users\karun\onedrive\desktop\vishnu\rfc\backend.tests\bin\release\net9.0\rfc.api.tests.dll" id="2bd2be20-a54c-0683-996f-05d000e0f3c1">
      <Execution id="99c7a066-75ca-40fd-b234-6be1d31a6a63" />
      <TestMethod codeBase="C:\Users\karun\OneDrive\Desktop\Vishnu\RFC\backend.Tests\bin\Release\net9.0\RFC.Api.Tests.dll" adapterTypeName="executor://xunit/VsTestRunner2/netcoreapp" className="RFC.Api.Tests.SecurityHardeningTests" name="PasswordHasher_RejectsMalformedOrUnsafeHashes" />
    </UnitTest>
    <UnitTest name="RFC.Api.Tests.AdminControllerTests.OrderStatusTransitions_RejectsInvalidTransitions(current: &quot;Completed&quot;, next: &quot;Preparing&quot;)" storage="c:\users\karun\onedrive\desktop\vishnu\rfc\backend.tests\bin\release\net9.0\rfc.api.tests.dll" id="5e4bdfe6-5863-5ea3-4705-a3d4abf8eeec">
      <Execution id="b5e53b50-5c20-4df8-81a6-cb620ef26a9f" />
      <TestMethod codeBase="C:\Users\karun\OneDrive\Desktop\Vishnu\RFC\backend.Tests\bin\Release\net9.0\RFC.Api.Tests.dll" adapterTypeName="executor://xunit/VsTestRunner2/netcoreapp" className="RFC.Api.Tests.AdminControllerTests" name="OrderStatusTransitions_RejectsInvalidTransitions" />
    </UnitTest>
    <UnitTest name="RFC.Api.Tests.AdminControllerTests.OrderStatusTransitions_RejectsInvalidTransitions(current: &quot;Placed&quot;, next: &quot;Completed&quot;)" storage="c:\users\karun\onedrive\desktop\vishnu\rfc\backend.tests\bin\release\net9.0\rfc.api.tests.dll" id="8ba251d3-2325-3974-af92-25cf46bcd2b7">
      <Execution id="1aaba088-c9f8-4841-bc61-1f9b49c7816d" />
      <TestMethod codeBase="C:\Users\karun\OneDrive\Desktop\Vishnu\RFC\backend.Tests\bin\Release\net9.0\RFC.Api.Tests.dll" adapterTypeName="executor://xunit/VsTestRunner2/netcoreapp" className="RFC.Api.Tests.AdminControllerTests" name="OrderStatusTransitions_RejectsInvalidTransitions" />
    </UnitTest>
    <UnitTest name="RFC.Api.Tests.AdminControllerTests.UpdateStoreSetting_RejectsIncompleteOpeningHours" storage="c:\users\karun\onedrive\desktop\vishnu\rfc\backend.tests\bin\release\net9.0\rfc.api.tests.dll" id="e0481e3a-9f94-c42a-7cae-430952cb2a38">
      <Execution id="982861ea-1275-40eb-85bc-edf5931a53eb" />
      <TestMethod codeBase="C:\Users\karun\OneDrive\Desktop\Vishnu\RFC\backend.Tests\bin\Release\net9.0\RFC.Api.Tests.dll" adapterTypeName="executor://xunit/VsTestRunner2/netcoreapp" className="RFC.Api.Tests.AdminControllerTests" name="UpdateStoreSetting_RejectsIncompleteOpeningHours" />
    </UnitTest>
    <UnitTest name="RFC.Api.Tests.SecurityHardeningTests.SensitiveAdminEndpoints_AreManagerOnly(methodName: &quot;CreateMenuItem&quot;)" storage="c:\users\karun\onedrive\desktop\vishnu\rfc\backend.tests\bin\release\net9.0\rfc.api.tests.dll" id="a763df55-d14f-14c1-0010-f7e44d5bd86d">
      <Execution id="02298dca-feb1-49f3-818a-cb4237e47b62" />
      <TestMethod codeBase="C:\Users\karun\OneDrive\Desktop\Vishnu\RFC\backend.Tests\bin\Release\net9.0\RFC.Api.Tests.dll" adapterTypeName="executor://xunit/VsTestRunner2/netcoreapp" className="RFC.Api.Tests.SecurityHardeningTests" name="SensitiveAdminEndpoints_AreManagerOnly" />
    </UnitTest>
    <UnitTest name="RFC.Api.Tests.SecurityHardeningTests.SensitiveAdminEndpoints_AreManagerOnly(methodName: &quot;UpdateStoreSetting&quot;)" storage="c:\users\karun\onedrive\desktop\vishnu\rfc\backend.tests\bin\release\net9.0\rfc.api.tests.dll" id="cc019bd9-475a-32f3-4739-e9677f003563">
      <Execution id="dfb99416-3d30-4828-9f13-e831d131cb40" />
      <TestMethod codeBase="C:\Users\karun\OneDrive\Desktop\Vishnu\RFC\backend.Tests\bin\Release\net9.0\RFC.Api.Tests.dll" adapterTypeName="executor://xunit/VsTestRunner2/netcoreapp" className="RFC.Api.Tests.SecurityHardeningTests" name="SensitiveAdminEndpoints_AreManagerOnly" />
    </UnitTest>
    <UnitTest name="RFC.Api.Tests.OrdersControllerTests.CreateOrder_RefundsCapturedPaymentWhenCheckoutNoLongerMatches" storage="c:\users\karun\onedrive\desktop\vishnu\rfc\backend.tests\bin\release\net9.0\rfc.api.tests.dll" id="db76249d-ac6b-02cc-eb71-dbf4e681cc03">
      <Execution id="abd87578-8754-4942-944c-ea6769d475e0" />
      <TestMethod codeBase="C:\Users\karun\OneDrive\Desktop\Vishnu\RFC\backend.Tests\bin\Release\net9.0\RFC.Api.Tests.dll" adapterTypeName="executor://xunit/VsTestRunner2/netcoreapp" className="RFC.Api.Tests.OrdersControllerTests" name="CreateOrder_RefundsCapturedPaymentWhenCheckoutNoLongerMatches" />
    </UnitTest>
    <UnitTest name="RFC.Api.Tests.OrdersControllerTests.CreateOrder_CallsStripeVerificationAndRejectsFailedCardPayment" storage="c:\users\karun\onedrive\desktop\vishnu\rfc\backend.tests\bin\release\net9.0\rfc.api.tests.dll" id="2815c06d-d37b-98a9-1de0-5b1520780574">
      <Execution id="5da0dda5-7301-4cad-8b63-8f00a56a182b" />
      <TestMethod codeBase="C:\Users\karun\OneDrive\Desktop\Vishnu\RFC\backend.Tests\bin\Release\net9.0\RFC.Api.Tests.dll" adapterTypeName="executor://xunit/VsTestRunner2/netcoreapp" className="RFC.Api.Tests.OrdersControllerTests" name="CreateOrder_CallsStripeVerificationAndRejectsFailedCardPayment" />
    </UnitTest>
    <UnitTest name="RFC.Api.Tests.SecurityHardeningTests.PublicConfig_FailsClosedWithoutPublishableKey" storage="c:\users\karun\onedrive\desktop\vishnu\rfc\backend.tests\bin\release\net9.0\rfc.api.tests.dll" id="5025bd5f-805a-fdc5-f11b-49dfc5c28566">
      <Execution id="af9e3119-4f86-408c-84d5-025cae952ac5" />
      <TestMethod codeBase="C:\Users\karun\OneDrive\Desktop\Vishnu\RFC\backend.Tests\bin\Release\net9.0\RFC.Api.Tests.dll" adapterTypeName="executor://xunit/VsTestRunner2/netcoreapp" className="RFC.Api.Tests.SecurityHardeningTests" name="PublicConfig_FailsClosedWithoutPublishableKey" />
    </UnitTest>
    <UnitTest name="RFC.Api.Tests.AdminControllerTests.OrderStatusTransitions_AllowsExpectedTransitions(current: &quot;Preparing&quot;, next: &quot;Cancelled&quot;)" storage="c:\users\karun\onedrive\desktop\vishnu\rfc\backend.tests\bin\release\net9.0\rfc.api.tests.dll" id="6721dfde-914b-9014-eb40-833988cb0c6f">
      <Execution id="31c73583-5505-4ab3-b779-d14395d68ee1" />
      <TestMethod codeBase="C:\Users\karun\OneDrive\Desktop\Vishnu\RFC\backend.Tests\bin\Release\net9.0\RFC.Api.Tests.dll" adapterTypeName="executor://xunit/VsTestRunner2/netcoreapp" className="RFC.Api.Tests.AdminControllerTests" name="OrderStatusTransitions_AllowsExpectedTransitions" />
    </UnitTest>
    <UnitTest name="RFC.Api.Tests.AdminControllerTests.OrderStatusTransitions_RejectsInvalidTransitions(current: &quot;Out for Delivery&quot;, next: &quot;Cancelled&quot;)" storage="c:\users\karun\onedrive\desktop\vishnu\rfc\backend.tests\bin\release\net9.0\rfc.api.tests.dll" id="5654c2fb-406c-edd8-0556-a739199cedf0">
      <Execution id="75207c9d-7a5b-4a30-91e3-3aaf9c009d28" />
      <TestMethod codeBase="C:\Users\karun\OneDrive\Desktop\Vishnu\RFC\backend.Tests\bin\Release\net9.0\RFC.Api.Tests.dll" adapterTypeName="executor://xunit/VsTestRunner2/netcoreapp" className="RFC.Api.Tests.AdminControllerTests" name="OrderStatusTransitions_RejectsInvalidTransitions" />
    </UnitTest>
    <UnitTest name="RFC.Api.Tests.AdminControllerTests.OrderStatusTransitions_AllowsExpectedTransitions(current: &quot;Out for Delivery&quot;, next: &quot;Completed&quot;)" storage="c:\users\karun\onedrive\desktop\vishnu\rfc\backend.tests\bin\release\net9.0\rfc.api.tests.dll" id="5a29064e-a4ba-f3d8-40a2-e7029d895835">
      <Execution id="5cc8376d-bc5c-487f-a378-74a11b6a6898" />
      <TestMethod codeBase="C:\Users\karun\OneDrive\Desktop\Vishnu\RFC\backend.Tests\bin\Release\net9.0\RFC.Api.Tests.dll" adapterTypeName="executor://xunit/VsTestRunner2/netcoreapp" className="RFC.Api.Tests.AdminControllerTests" name="OrderStatusTransitions_AllowsExpectedTransitions" />
    </UnitTest>
    <UnitTest name="RFC.Api.Tests.SecurityHardeningTests.SensitiveAdminEndpoints_AreManagerOnly(methodName: &quot;UpdateMenuItem&quot;)" storage="c:\users\karun\onedrive\desktop\vishnu\rfc\backend.tests\bin\release\net9.0\rfc.api.tests.dll" id="ac952a88-94f6-9bb2-b342-d4c5ba14e7fa">
      <Execution id="1bb92027-c5ac-4511-bbb4-3e766dc5073e" />
      <TestMethod codeBase="C:\Users\karun\OneDrive\Desktop\Vishnu\RFC\backend.Tests\bin\Release\net9.0\RFC.Api.Tests.dll" adapterTypeName="executor://xunit/VsTestRunner2/netcoreapp" className="RFC.Api.Tests.SecurityHardeningTests" name="SensitiveAdminEndpoints_AreManagerOnly" />
    </UnitTest>
    <UnitTest name="RFC.Api.Tests.AdminControllerTests.OrderStatusTransitions_AllowsExpectedTransitions(current: &quot;Placed&quot;, next: &quot;Preparing&quot;)" storage="c:\users\karun\onedrive\desktop\vishnu\rfc\backend.tests\bin\release\net9.0\rfc.api.tests.dll" id="45357516-5121-6520-11c6-836a6611ef9d">
      <Execution id="09bc6f40-b6fa-48c9-9391-479dfa381fee" />
      <TestMethod codeBase="C:\Users\karun\OneDrive\Desktop\Vishnu\RFC\backend.Tests\bin\Release\net9.0\RFC.Api.Tests.dll" adapterTypeName="executor://xunit/VsTestRunner2/netcoreapp" className="RFC.Api.Tests.AdminControllerTests" name="OrderStatusTransitions_AllowsExpectedTransitions" />
    </UnitTest>
    <UnitTest name="RFC.Api.Tests.AdminControllerTests.UpdateStatus_RejectsGenericCancellationWorkflow" storage="c:\users\karun\onedrive\desktop\vishnu\rfc\backend.tests\bin\release\net9.0\rfc.api.tests.dll" id="9eac401b-92fc-4320-8380-88954d675df0">
      <Execution id="19250992-2e83-431c-ba5a-013a50587d92" />
      <TestMethod codeBase="C:\Users\karun\OneDrive\Desktop\Vishnu\RFC\backend.Tests\bin\Release\net9.0\RFC.Api.Tests.dll" adapterTypeName="executor://xunit/VsTestRunner2/netcoreapp" className="RFC.Api.Tests.AdminControllerTests" name="UpdateStatus_RejectsGenericCancellationWorkflow" />
    </UnitTest>
    <UnitTest name="RFC.Api.Tests.AdminControllerTests.OrderStatusTransitions_RejectsInvalidTransitions(current: &quot;Cancelled&quot;, next: &quot;Preparing&quot;)" storage="c:\users\karun\onedrive\desktop\vishnu\rfc\backend.tests\bin\release\net9.0\rfc.api.tests.dll" id="44cf516f-fe9a-0956-9cea-d16aaa9c2ff8">
      <Execution id="bd81e0e7-c651-4a2c-98eb-5f0897cf326c" />
      <TestMethod codeBase="C:\Users\karun\OneDrive\Desktop\Vishnu\RFC\backend.Tests\bin\Release\net9.0\RFC.Api.Tests.dll" adapterTypeName="executor://xunit/VsTestRunner2/netcoreapp" className="RFC.Api.Tests.AdminControllerTests" name="OrderStatusTransitions_RejectsInvalidTransitions" />
    </UnitTest>
    <UnitTest name="RFC.Api.Tests.SecurityHardeningTests.PasswordHasher_RejectsMalformedOrUnsafeHashes(hash: &quot;pbkdf2-sha256$600000$not-base64$not-base64&quot;)" storage="c:\users\karun\onedrive\desktop\vishnu\rfc\backend.tests\bin\release\net9.0\rfc.api.tests.dll" id="237de52d-196d-484c-580c-ef0a438f5d94">
      <Execution id="d5b2ec22-70f4-40fd-8606-0a6161912c4b" />
      <TestMethod codeBase="C:\Users\karun\OneDrive\Desktop\Vishnu\RFC\backend.Tests\bin\Release\net9.0\RFC.Api.Tests.dll" adapterTypeName="executor://xunit/VsTestRunner2/netcoreapp" className="RFC.Api.Tests.SecurityHardeningTests" name="PasswordHasher_RejectsMalformedOrUnsafeHashes" />
    </UnitTest>
    <UnitTest name="RFC.Api.Tests.SecurityHardeningTests.PublicConfig_ReturnsOnlyPublishableStripeKey" storage="c:\users\karun\onedrive\desktop\vishnu\rfc\backend.tests\bin\release\net9.0\rfc.api.tests.dll" id="7b74ff74-7a6c-928f-c4a1-a175da1c0844">
      <Execution id="fca1b9bf-62e6-4a86-8968-3f5240324e82" />
      <TestMethod codeBase="C:\Users\karun\OneDrive\Desktop\Vishnu\RFC\backend.Tests\bin\Release\net9.0\RFC.Api.Tests.dll" adapterTypeName="executor://xunit/VsTestRunner2/netcoreapp" className="RFC.Api.Tests.SecurityHardeningTests" name="PublicConfig_ReturnsOnlyPublishableStripeKey" />
    </UnitTest>
    <UnitTest name="RFC.Api.Tests.OrdersControllerTests.CreateOrder_RejectsEmptyBasket" storage="c:\users\karun\onedrive\desktop\vishnu\rfc\backend.tests\bin\release\net9.0\rfc.api.tests.dll" id="86a1f044-d0f8-4554-1bd6-96368390f368">
      <Execution id="0a354a5d-4c60-42f7-b957-6737826b8a6e" />
      <TestMethod codeBase="C:\Users\karun\OneDrive\Desktop\Vishnu\RFC\backend.Tests\bin\Release\net9.0\RFC.Api.Tests.dll" adapterTypeName="executor://xunit/VsTestRunner2/netcoreapp" className="RFC.Api.Tests.OrdersControllerTests" name="CreateOrder_RejectsEmptyBasket" />
    </UnitTest>
    <UnitTest name="RFC.Api.Tests.AdminControllerTests.OrderStatusTransitions_AllowsExpectedTransitions(current: &quot;Placed&quot;, next: &quot;Cancelled&quot;)" storage="c:\users\karun\onedrive\desktop\vishnu\rfc\backend.tests\bin\release\net9.0\rfc.api.tests.dll" id="6cf82d7d-20bb-1cdc-9ace-53d0e302cd53">
      <Execution id="8db5f3ef-eede-4816-a6f6-fc0701f1216f" />
      <TestMethod codeBase="C:\Users\karun\OneDrive\Desktop\Vishnu\RFC\backend.Tests\bin\Release\net9.0\RFC.Api.Tests.dll" adapterTypeName="executor://xunit/VsTestRunner2/netcoreapp" className="RFC.Api.Tests.AdminControllerTests" name="OrderStatusTransitions_AllowsExpectedTransitions" />
    </UnitTest>
    <UnitTest name="RFC.Api.Tests.OrdersControllerTests.CreateOrder_RejectsMissingPaymentIntentBeforeDatabaseMatching" storage="c:\users\karun\onedrive\desktop\vishnu\rfc\backend.tests\bin\release\net9.0\rfc.api.tests.dll" id="fa212e20-c38b-113f-141d-ab0ed7729f3b">
      <Execution id="c6ee06c4-27b4-4604-b8b4-9f658527dce3" />
      <TestMethod codeBase="C:\Users\karun\OneDrive\Desktop\Vishnu\RFC\backend.Tests\bin\Release\net9.0\RFC.Api.Tests.dll" adapterTypeName="executor://xunit/VsTestRunner2/netcoreapp" className="RFC.Api.Tests.OrdersControllerTests" name="CreateOrder_RejectsMissingPaymentIntentBeforeDatabaseMatching" />
    </UnitTest>
    <UnitTest name="RFC.Api.Tests.SecurityHardeningTests.SensitiveAdminEndpoints_AreManagerOnly(methodName: &quot;ArchiveMenuItem&quot;)" storage="c:\users\karun\onedrive\desktop\vishnu\rfc\backend.tests\bin\release\net9.0\rfc.api.tests.dll" id="069639db-d76a-314c-c13e-1059c5975816">
      <Execution id="87b2dee8-91f3-4866-9439-b33f24387a94" />
      <TestMethod codeBase="C:\Users\karun\OneDrive\Desktop\Vishnu\RFC\backend.Tests\bin\Release\net9.0\RFC.Api.Tests.dll" adapterTypeName="executor://xunit/VsTestRunner2/netcoreapp" className="RFC.Api.Tests.SecurityHardeningTests" name="SensitiveAdminEndpoints_AreManagerOnly" />
    </UnitTest>
  </TestDefinitions>
  <TestEntries>
    <TestEntry testId="cc019bd9-475a-32f3-4739-e9677f003563" executionId="dfb99416-3d30-4828-9f13-e831d131cb40" testListId="8c84fa94-04c1-424b-9868-57a2d4851a1d" />
    <TestEntry testId="5a29064e-a4ba-f3d8-40a2-e7029d895835" executionId="5cc8376d-bc5c-487f-a378-74a11b6a6898" testListId="8c84fa94-04c1-424b-9868-57a2d4851a1d" />
    <TestEntry testId="0e75d814-b000-b0bf-2ae5-3c0b18bf8fe3" executionId="6b635391-545b-43c0-aee8-a6853af1b493" testListId="8c84fa94-04c1-424b-9868-57a2d4851a1d" />
    <TestEntry testId="d020c76a-1040-3c2c-f8ce-faddcbbcccc3" executionId="4abb1573-ae1a-48be-85f8-5260320d3dc8" testListId="8c84fa94-04c1-424b-9868-57a2d4851a1d" />
    <TestEntry testId="fa212e20-c38b-113f-141d-ab0ed7729f3b" executionId="c6ee06c4-27b4-4604-b8b4-9f658527dce3" testListId="8c84fa94-04c1-424b-9868-57a2d4851a1d" />
    <TestEntry testId="6c62e51a-a086-186b-5b82-31df1b7b46ed" executionId="157ebd77-b64e-4603-8e73-0fefd3585597" testListId="8c84fa94-04c1-424b-9868-57a2d4851a1d" />
    <TestEntry testId="8806dfaf-0d8f-74c4-9a90-0e7906a8b257" executionId="efb98ad4-4824-49d3-ab53-497ef3300ef3" testListId="8c84fa94-04c1-424b-9868-57a2d4851a1d" />
    <TestEntry testId="cbddfaa6-d621-a854-1697-89ab37175f08" executionId="ad8e1a53-0eb3-4413-8e3e-8742ce6f6fcf" testListId="8c84fa94-04c1-424b-9868-57a2d4851a1d" />
    <TestEntry testId="6cf82d7d-20bb-1cdc-9ace-53d0e302cd53" executionId="8db5f3ef-eede-4816-a6f6-fc0701f1216f" testListId="8c84fa94-04c1-424b-9868-57a2d4851a1d" />
    <TestEntry testId="dd98bd23-1cad-56ee-4c7a-0fa7e1ce3b17" executionId="d0d35b30-c3bc-4c20-9cac-8a035f58f829" testListId="8c84fa94-04c1-424b-9868-57a2d4851a1d" />
    <TestEntry testId="8dc06a55-bb7c-b49f-453a-a7b73002fb31" executionId="815898a0-21a0-4e84-89be-e45e3abc1337" testListId="8c84fa94-04c1-424b-9868-57a2d4851a1d" />
    <TestEntry testId="5e4bdfe6-5863-5ea3-4705-a3d4abf8eeec" executionId="b5e53b50-5c20-4df8-81a6-cb620ef26a9f" testListId="8c84fa94-04c1-424b-9868-57a2d4851a1d" />
    <TestEntry testId="58d631de-1615-f787-efa2-7f84cd574ae0" executionId="febd2322-ec58-451b-ba6f-150c386d5cdf" testListId="8c84fa94-04c1-424b-9868-57a2d4851a1d" />
    <TestEntry testId="5025bd5f-805a-fdc5-f11b-49dfc5c28566" executionId="af9e3119-4f86-408c-84d5-025cae952ac5" testListId="8c84fa94-04c1-424b-9868-57a2d4851a1d" />
    <TestEntry testId="2bd2be20-a54c-0683-996f-05d000e0f3c1" executionId="99c7a066-75ca-40fd-b234-6be1d31a6a63" testListId="8c84fa94-04c1-424b-9868-57a2d4851a1d" />
    <TestEntry testId="24bf1ef0-ddf0-4a00-7ca9-26c3bf56c8ed" executionId="034abbcb-64c7-4e01-8f4d-0546aa837041" testListId="8c84fa94-04c1-424b-9868-57a2d4851a1d" />
    <TestEntry testId="6721dfde-914b-9014-eb40-833988cb0c6f" executionId="31c73583-5505-4ab3-b779-d14395d68ee1" testListId="8c84fa94-04c1-424b-9868-57a2d4851a1d" />
    <TestEntry testId="5654c2fb-406c-edd8-0556-a739199cedf0" executionId="75207c9d-7a5b-4a30-91e3-3aaf9c009d28" testListId="8c84fa94-04c1-424b-9868-57a2d4851a1d" />
    <TestEntry testId="389ba3ce-55f5-0a74-0717-3642ca9313f4" executionId="20f5c7e3-94c8-4f24-b579-d59759e44299" testListId="8c84fa94-04c1-424b-9868-57a2d4851a1d" />
    <TestEntry testId="f62c1fa7-9b2d-d876-651a-d463732d245b" executionId="f1ec5ea2-5e21-4739-919e-ff6c6dc9400d" testListId="8c84fa94-04c1-424b-9868-57a2d4851a1d" />
    <TestEntry testId="7b74ff74-7a6c-928f-c4a1-a175da1c0844" executionId="fca1b9bf-62e6-4a86-8968-3f5240324e82" testListId="8c84fa94-04c1-424b-9868-57a2d4851a1d" />
    <TestEntry testId="214413f5-219a-31a6-14b6-50f45ba75a7a" executionId="6f67c711-862a-443d-a788-7e23361d4381" testListId="8c84fa94-04c1-424b-9868-57a2d4851a1d" />
    <TestEntry testId="45357516-5121-6520-11c6-836a6611ef9d" executionId="09bc6f40-b6fa-48c9-9391-479dfa381fee" testListId="8c84fa94-04c1-424b-9868-57a2d4851a1d" />
    <TestEntry testId="88caa822-d04d-3d51-a311-5fa8cd51c404" executionId="b838e31b-f571-40eb-87cb-5c4692e9ed78" testListId="8c84fa94-04c1-424b-9868-57a2d4851a1d" />
    <TestEntry testId="d0af7504-d104-a556-40b9-88655332c460" executionId="0c558d92-8e40-4306-ac21-048c0202f094" testListId="8c84fa94-04c1-424b-9868-57a2d4851a1d" />
    <TestEntry testId="44cf516f-fe9a-0956-9cea-d16aaa9c2ff8" executionId="bd81e0e7-c651-4a2c-98eb-5f0897cf326c" testListId="8c84fa94-04c1-424b-9868-57a2d4851a1d" />
    <TestEntry testId="d120b23e-5847-1786-8c26-0dd33b71f772" executionId="b3dc265a-978b-4b3e-a536-396ebc1ee149" testListId="8c84fa94-04c1-424b-9868-57a2d4851a1d" />
    <TestEntry testId="9eac401b-92fc-4320-8380-88954d675df0" executionId="19250992-2e83-431c-ba5a-013a50587d92" testListId="8c84fa94-04c1-424b-9868-57a2d4851a1d" />
    <TestEntry testId="50144c97-8c9c-6cbf-a3a7-c69a8497b2d2" executionId="5547b10d-1921-4d3e-b828-5015ad645537" testListId="8c84fa94-04c1-424b-9868-57a2d4851a1d" />
    <TestEntry testId="80b95dc4-a306-b599-35d0-6d864e87da0d" executionId="4500587b-c047-461c-ab05-c66986a9ed07" testListId="8c84fa94-04c1-424b-9868-57a2d4851a1d" />
    <TestEntry testId="ac952a88-94f6-9bb2-b342-d4c5ba14e7fa" executionId="1bb92027-c5ac-4511-bbb4-3e766dc5073e" testListId="8c84fa94-04c1-424b-9868-57a2d4851a1d" />
    <TestEntry testId="1e676034-3ae5-9d41-e384-c5a06cba7785" executionId="e2f61c76-b48a-48a7-8a77-2515c8910b10" testListId="8c84fa94-04c1-424b-9868-57a2d4851a1d" />
    <TestEntry testId="237de52d-196d-484c-580c-ef0a438f5d94" executionId="d5b2ec22-70f4-40fd-8606-0a6161912c4b" testListId="8c84fa94-04c1-424b-9868-57a2d4851a1d" />
    <TestEntry testId="d9ca3dd1-2101-e0b0-c99a-fe8f419c1e8e" executionId="e2795683-87d3-4e1f-9f94-f870eb72133a" testListId="8c84fa94-04c1-424b-9868-57a2d4851a1d" />
    <TestEntry testId="19b7c01b-8cac-a026-d715-e4fc7adb0588" executionId="f1e5f2d3-4919-4750-8ee7-1dd62349a8b2" testListId="8c84fa94-04c1-424b-9868-57a2d4851a1d" />
    <TestEntry testId="0335655b-8ece-e6df-e691-ab3f339894ed" executionId="13de23d2-eae6-44e5-9edf-9aacf5fd0c09" testListId="8c84fa94-04c1-424b-9868-57a2d4851a1d" />
    <TestEntry testId="e0481e3a-9f94-c42a-7cae-430952cb2a38" executionId="982861ea-1275-40eb-85bc-edf5931a53eb" testListId="8c84fa94-04c1-424b-9868-57a2d4851a1d" />
    <TestEntry testId="88d409f0-d760-6330-ef45-f505105af4bb" executionId="8e75df2c-ee38-4e59-aefd-db3ad50d3c2b" testListId="8c84fa94-04c1-424b-9868-57a2d4851a1d" />
    <TestEntry testId="a763df55-d14f-14c1-0010-f7e44d5bd86d" executionId="02298dca-feb1-49f3-818a-cb4237e47b62" testListId="8c84fa94-04c1-424b-9868-57a2d4851a1d" />
    <TestEntry testId="69dd4970-27f9-257b-729e-667deba01b1b" executionId="37d9603c-b020-4761-8192-8fd7515c4905" testListId="8c84fa94-04c1-424b-9868-57a2d4851a1d" />
    <TestEntry testId="8ba251d3-2325-3974-af92-25cf46bcd2b7" executionId="1aaba088-c9f8-4841-bc61-1f9b49c7816d" testListId="8c84fa94-04c1-424b-9868-57a2d4851a1d" />
    <TestEntry testId="2815c06d-d37b-98a9-1de0-5b1520780574" executionId="5da0dda5-7301-4cad-8b63-8f00a56a182b" testListId="8c84fa94-04c1-424b-9868-57a2d4851a1d" />
    <TestEntry testId="43bbfeee-9ee9-b37a-e0c8-9bd31d709e55" executionId="20d96be0-3737-4a23-8494-48661725acce" testListId="8c84fa94-04c1-424b-9868-57a2d4851a1d" />
    <TestEntry testId="b3e427a1-2c32-8fd4-1c66-78620d359c4b" executionId="3b569931-d6dd-487d-9950-050396fe3406" testListId="8c84fa94-04c1-424b-9868-57a2d4851a1d" />
    <TestEntry testId="9ac2ce59-56aa-00d3-b7bb-459a1c459cfc" executionId="511e8ab3-c514-4a7e-8ca5-ebf0c418dab3" testListId="8c84fa94-04c1-424b-9868-57a2d4851a1d" />
    <TestEntry testId="be8ed0dc-0f26-276f-ea63-0e55de4bb7d9" executionId="6304ca06-d1b2-42f4-9734-feb2eed5e7ab" testListId="8c84fa94-04c1-424b-9868-57a2d4851a1d" />
    <TestEntry testId="be2ea061-a434-0ced-b37e-a4d2a3206a98" executionId="0c6e0e00-8003-474e-92a5-e27e9316e98a" testListId="8c84fa94-04c1-424b-9868-57a2d4851a1d" />
    <TestEntry testId="86a1f044-d0f8-4554-1bd6-96368390f368" executionId="0a354a5d-4c60-42f7-b957-6737826b8a6e" testListId="8c84fa94-04c1-424b-9868-57a2d4851a1d" />
    <TestEntry testId="069639db-d76a-314c-c13e-1059c5975816" executionId="87b2dee8-91f3-4866-9439-b33f24387a94" testListId="8c84fa94-04c1-424b-9868-57a2d4851a1d" />
    <TestEntry testId="c4055baf-08b9-137e-1b9a-aca4e058dbf2" executionId="67aeaffb-c74a-4416-a9e3-f46507a0b425" testListId="8c84fa94-04c1-424b-9868-57a2d4851a1d" />
    <TestEntry testId="6e0f3d08-59cf-7e9d-db02-da945415cb8d" executionId="6e3f0a33-6e16-4733-902d-bc82e1a4b708" testListId="8c84fa94-04c1-424b-9868-57a2d4851a1d" />
    <TestEntry testId="7c3d545c-9b32-421b-bd2f-c12527b215b9" executionId="85dbd2ff-eb00-4171-a55c-cbf75e03ae07" testListId="8c84fa94-04c1-424b-9868-57a2d4851a1d" />
    <TestEntry testId="db76249d-ac6b-02cc-eb71-dbf4e681cc03" executionId="abd87578-8754-4942-944c-ea6769d475e0" testListId="8c84fa94-04c1-424b-9868-57a2d4851a1d" />
  </TestEntries>
  <TestLists>
    <TestList name="Results Not in a List" id="8c84fa94-04c1-424b-9868-57a2d4851a1d" />
    <TestList name="All Loaded Results" id="19431567-8539-422a-85d7-44ee4e166bda" />
  </TestLists>
  <ResultSummary outcome="Completed">
    <Counters total="53" executed="53" passed="53" failed="0" error="0" timeout="0" aborted="0" inconclusive="0" passedButRunAborted="0" notRunnable="0" notExecuted="0" disconnected="0" warning="0" completed="0" inProgress="0" pending="0" />
    <Output>
      <StdOut>[xUnit.net 00:00:00.00] xUnit.net VSTest Adapter v2.8.2+699d445a1a (64-bit .NET 9.0.3)&#xD;
[xUnit.net 00:00:00.39]   Discovering: RFC.Api.Tests&#xD;
[xUnit.net 00:00:00.47]   Discovered:  RFC.Api.Tests&#xD;
[xUnit.net 00:00:00.47]   Starting:    RFC.Api.Tests&#xD;
[xUnit.net 00:00:01.80]   Finished:    RFC.Api.Tests&#xD;
</StdOut>
    </Output>
  </ResultSummary>
</TestRun>